{"/home/runner/workspace/bloom-mobile/src/setupTests.ts": {"path":"/home/runner/workspace/bloom-mobile/src/setupTests.ts","statementMap":{"0":{"start":{"line":20,"column":0},"end":{"line":25,"column":4}},"1":{"start":{"line":20,"column":62},"end":{"line":25,"column":1}},"2":{"start":{"line":21,"column":25},"end":{"line":21,"column":42}},"3":{"start":{"line":22,"column":25},"end":{"line":22,"column":46}},"4":{"start":{"line":23,"column":28},"end":{"line":23,"column":45}},"5":{"start":{"line":24,"column":23},"end":{"line":24,"column":40}},"6":{"start":{"line":28,"column":0},"end":{"line":31,"column":4}},"7":{"start":{"line":28,"column":62},"end":{"line":31,"column":1}},"8":{"start":{"line":30,"column":56},"end":{"line":30,"column":64}},"9":{"start":{"line":34,"column":0},"end":{"line":42,"column":4}},"10":{"start":{"line":34,"column":39},"end":{"line":42,"column":1}},"11":{"start":{"line":39,"column":50},"end":{"line":41,"column":3}},"12":{"start":{"line":45,"column":0},"end":{"line":45,"column":48}},"13":{"start":{"line":46,"column":0},"end":{"line":46,"column":30}},"14":{"start":{"line":49,"column":0},"end":{"line":53,"column":2}},"15":{"start":{"line":56,"column":0},"end":{"line":56,"column":21}}},"fnMap":{"0":{"name":"(anonymous_0)","decl":{"start":{"line":20,"column":55},"end":{"line":20,"column":56}},"loc":{"start":{"line":20,"column":62},"end":{"line":25,"column":1}},"line":20},"1":{"name":"(anonymous_1)","decl":{"start":{"line":21,"column":19},"end":{"line":21,"column":20}},"loc":{"start":{"line":21,"column":25},"end":{"line":21,"column":42}},"line":21},"2":{"name":"(anonymous_2)","decl":{"start":{"line":22,"column":19},"end":{"line":22,"column":20}},"loc":{"start":{"line":22,"column":25},"end":{"line":22,"column":46}},"line":22},"3":{"name":"(anonymous_3)","decl":{"start":{"line":23,"column":22},"end":{"line":23,"column":23}},"loc":{"start":{"line":23,"column":28},"end":{"line":23,"column":45}},"line":23},"4":{"name":"(anonymous_4)","decl":{"start":{"line":24,"column":17},"end":{"line":24,"column":18}},"loc":{"start":{"line":24,"column":23},"end":{"line":24,"column":40}},"line":24},"5":{"name":"(anonymous_5)","decl":{"start":{"line":28,"column":55},"end":{"line":28,"column":56}},"loc":{"start":{"line":28,"column":62},"end":{"line":31,"column":1}},"line":28},"6":{"name":"(anonymous_6)","decl":{"start":{"line":30,"column":18},"end":{"line":30,"column":19}},"loc":{"start":{"line":30,"column":56},"end":{"line":30,"column":64}},"line":30},"7":{"name":"(anonymous_7)","decl":{"start":{"line":34,"column":32},"end":{"line":34,"column":33}},"loc":{"start":{"line":34,"column":39},"end":{"line":42,"column":1}},"line":34},"8":{"name":"(anonymous_8)","decl":{"start":{"line":39,"column":43},"end":{"line":39,"column":44}},"loc":{"start":{"line":39,"column":50},"end":{"line":41,"column":3}},"line":39}},"branchMap":{},"s":{"0":0,"1":0,"2":0,"3":0,"4":0,"5":0,"6":0,"7":0,"8":0,"9":0,"10":0,"11":0,"12":0,"13":0,"14":0,"15":0},"f":{"0":0,"1":0,"2":0,"3":0,"4":0,"5":0,"6":0,"7":0,"8":0},"b":{}}
,"/home/runner/workspace/bloom-mobile/src/components/DateWizard.tsx": {"path":"/home/runner/workspace/bloom-mobile/src/components/DateWizard.tsx","statementMap":{"0":{"start":{"line":20,"column":20},"end":{"line":24,"column":1}},"1":{"start":{"line":26,"column":30},"end":{"line":29,"column":1}},"2":{"start":{"line":35,"column":24},"end":{"line":40,"column":2}},"3":{"start":{"line":42,"column":20},"end":{"line":46,"column":2}},"4":{"start":{"line":48,"column":20},"end":{"line":61,"column":2}},"5":{"start":{"line":63,"column":21},"end":{"line":76,"column":2}},"6":{"start":{"line":78,"column":18},"end":{"line":83,"column":2}},"7":{"start":{"line":85,"column":19},"end":{"line":89,"column":2}},"8":{"start":{"line":91,"column":21},"end":{"line":110,"column":2}},"9":{"start":{"line":112,"column":19},"end":{"line":124,"column":2}},"10":{"start":{"line":126,"column":23},"end":{"line":142,"column":2}},"11":{"start":{"line":144,"column":21},"end":{"line":157,"column":2}},"12":{"start":{"line":159,"column":28},"end":{"line":164,"column":2}},"13":{"start":{"line":166,"column":26},"end":{"line":169,"column":2}},"14":{"start":{"line":172,"column":53},"end":{"line":172,"column":73}},"15":{"start":{"line":173,"column":40},"end":{"line":173,"column":64}},"16":{"start":{"line":174,"column":46},"end":{"line":174,"column":75}},"17":{"start":{"line":175,"column":50},"end":{"line":175,"column":81}},"18":{"start":{"line":176,"column":42},"end":{"line":176,"column":68}},"19":{"start":{"line":177,"column":46},"end":{"line":177,"column":77}},"20":{"start":{"line":178,"column":42},"end":{"line":178,"column":57}},"21":{"start":{"line":180,"column":23},"end":{"line":224,"column":3}},"22":{"start":{"line":181,"column":4},"end":{"line":184,"column":5}},"23":{"start":{"line":182,"column":6},"end":{"line":182,"column":74}},"24":{"start":{"line":183,"column":6},"end":{"line":183,"column":13}},"25":{"start":{"line":186,"column":4},"end":{"line":189,"column":5}},"26":{"start":{"line":187,"column":6},"end":{"line":187,"column":82}},"27":{"start":{"line":188,"column":6},"end":{"line":188,"column":13}},"28":{"start":{"line":191,"column":4},"end":{"line":191,"column":26}},"29":{"start":{"line":193,"column":4},"end":{"line":223,"column":5}},"30":{"start":{"line":194,"column":6},"end":{"line":198,"column":9}},"31":{"start":{"line":201,"column":6},"end":{"line":201,"column":30}},"32":{"start":{"line":202,"column":6},"end":{"line":202,"column":32}},"33":{"start":{"line":203,"column":6},"end":{"line":203,"column":34}},"34":{"start":{"line":204,"column":6},"end":{"line":204,"column":31}},"35":{"start":{"line":207,"column":6},"end":{"line":209,"column":7}},"36":{"start":{"line":208,"column":8},"end":{"line":208,"column":21}},"37":{"start":{"line":211,"column":6},"end":{"line":215,"column":8}},"38":{"start":{"line":217,"column":6},"end":{"line":220,"column":8}},"39":{"start":{"line":222,"column":6},"end":{"line":222,"column":29}},"40":{"start":{"line":226,"column":27},"end":{"line":256,"column":3}},"41":{"start":{"line":227,"column":4},"end":{"line":255,"column":13}},"42":{"start":{"line":231,"column":10},"end":{"line":239,"column":25}},"43":{"start":{"line":234,"column":27},"end":{"line":234,"column":50}},"44":{"start":{"line":243,"column":23},"end":{"line":243,"column":45}},"45":{"start":{"line":258,"column":29},"end":{"line":301,"column":3}},"46":{"start":{"line":259,"column":4},"end":{"line":300,"column":13}},"47":{"start":{"line":263,"column":10},"end":{"line":271,"column":27}},"48":{"start":{"line":266,"column":27},"end":{"line":266,"column":52}},"49":{"start":{"line":276,"column":25},"end":{"line":276,"column":49}},"50":{"start":{"line":287,"column":25},"end":{"line":287,"column":51}},"51":{"start":{"line":303,"column":29},"end":{"line":366,"column":3}},"52":{"start":{"line":304,"column":4},"end":{"line":365,"column":13}},"53":{"start":{"line":309,"column":27},"end":{"line":309,"column":50}},"54":{"start":{"line":328,"column":14},"end":{"line":330,"column":15}},"55":{"start":{"line":329,"column":16},"end":{"line":329,"column":41}},"56":{"start":{"line":331,"column":14},"end":{"line":333,"column":15}},"57":{"start":{"line":332,"column":16},"end":{"line":332,"column":38}},"58":{"start":{"line":342,"column":25},"end":{"line":342,"column":47}},"59":{"start":{"line":368,"column":2},"end":{"line":382,"column":4}}},"fnMap":{"0":{"name":"DateWizard","decl":{"start":{"line":171,"column":24},"end":{"line":171,"column":34}},"loc":{"start":{"line":171,"column":68},"end":{"line":383,"column":1}},"line":171},"1":{"name":"(anonymous_1)","decl":{"start":{"line":180,"column":23},"end":{"line":180,"column":24}},"loc":{"start":{"line":180,"column":35},"end":{"line":224,"column":3}},"line":180},"2":{"name":"(anonymous_2)","decl":{"start":{"line":226,"column":27},"end":{"line":226,"column":28}},"loc":{"start":{"line":227,"column":4},"end":{"line":255,"column":13}},"line":227},"3":{"name":"(anonymous_3)","decl":{"start":{"line":230,"column":25},"end":{"line":230,"column":26}},"loc":{"start":{"line":231,"column":10},"end":{"line":239,"column":25}},"line":231},"4":{"name":"(anonymous_4)","decl":{"start":{"line":234,"column":21},"end":{"line":234,"column":22}},"loc":{"start":{"line":234,"column":27},"end":{"line":234,"column":50}},"line":234},"5":{"name":"(anonymous_5)","decl":{"start":{"line":243,"column":17},"end":{"line":243,"column":18}},"loc":{"start":{"line":243,"column":23},"end":{"line":243,"column":45}},"line":243},"6":{"name":"(anonymous_6)","decl":{"start":{"line":258,"column":29},"end":{"line":258,"column":30}},"loc":{"start":{"line":259,"column":4},"end":{"line":300,"column":13}},"line":259},"7":{"name":"(anonymous_7)","decl":{"start":{"line":262,"column":23},"end":{"line":262,"column":24}},"loc":{"start":{"line":263,"column":10},"end":{"line":271,"column":27}},"line":263},"8":{"name":"(anonymous_8)","decl":{"start":{"line":266,"column":21},"end":{"line":266,"column":22}},"loc":{"start":{"line":266,"column":27},"end":{"line":266,"column":52}},"line":266},"9":{"name":"(anonymous_9)","decl":{"start":{"line":276,"column":19},"end":{"line":276,"column":20}},"loc":{"start":{"line":276,"column":25},"end":{"line":276,"column":49}},"line":276},"10":{"name":"(anonymous_10)","decl":{"start":{"line":287,"column":19},"end":{"line":287,"column":20}},"loc":{"start":{"line":287,"column":25},"end":{"line":287,"column":51}},"line":287},"11":{"name":"(anonymous_11)","decl":{"start":{"line":303,"column":29},"end":{"line":303,"column":30}},"loc":{"start":{"line":304,"column":4},"end":{"line":365,"column":13}},"line":304},"12":{"name":"(anonymous_12)","decl":{"start":{"line":309,"column":21},"end":{"line":309,"column":22}},"loc":{"start":{"line":309,"column":27},"end":{"line":309,"column":50}},"line":309},"13":{"name":"(anonymous_13)","decl":{"start":{"line":327,"column":22},"end":{"line":327,"column":23}},"loc":{"start":{"line":327,"column":39},"end":{"line":334,"column":13}},"line":327},"14":{"name":"(anonymous_14)","decl":{"start":{"line":342,"column":19},"end":{"line":342,"column":20}},"loc":{"start":{"line":342,"column":25},"end":{"line":342,"column":47}},"line":342}},"branchMap":{"0":{"loc":{"start":{"line":181,"column":4},"end":{"line":184,"column":5}},"type":"if","locations":[{"start":{"line":181,"column":4},"end":{"line":184,"column":5}},{"start":{},"end":{}}],"line":181},"1":{"loc":{"start":{"line":181,"column":8},"end":{"line":181,"column":44}},"type":"binary-expr","locations":[{"start":{"line":181,"column":8},"end":{"line":181,"column":23}},{"start":{"line":181,"column":27},"end":{"line":181,"column":44}}],"line":181},"2":{"loc":{"start":{"line":186,"column":4},"end":{"line":189,"column":5}},"type":"if","locations":[{"start":{"line":186,"column":4},"end":{"line":189,"column":5}},{"start":{},"end":{}}],"line":186},"3":{"loc":{"start":{"line":207,"column":6},"end":{"line":209,"column":7}},"type":"if","locations":[{"start":{"line":207,"column":6},"end":{"line":209,"column":7}},{"start":{},"end":{}}],"line":207},"4":{"loc":{"start":{"line":250,"column":17},"end":{"line":250,"column":42}},"type":"cond-expr","locations":[{"start":{"line":250,"column":35},"end":{"line":250,"column":38}},{"start":{"line":250,"column":41},"end":{"line":250,"column":42}}],"line":250},"5":{"loc":{"start":{"line":293,"column":19},"end":{"line":293,"column":46}},"type":"cond-expr","locations":[{"start":{"line":293,"column":39},"end":{"line":293,"column":42}},{"start":{"line":293,"column":45},"end":{"line":293,"column":46}}],"line":293},"6":{"loc":{"start":{"line":307,"column":9},"end":{"line":318,"column":9}},"type":"binary-expr","locations":[{"start":{"line":307,"column":9},"end":{"line":307,"column":34}},{"start":{"line":308,"column":10},"end":{"line":317,"column":19}}],"line":307},"7":{"loc":{"start":{"line":320,"column":9},"end":{"line":337,"column":9}},"type":"binary-expr","locations":[{"start":{"line":320,"column":10},"end":{"line":320,"column":24}},{"start":{"line":320,"column":28},"end":{"line":320,"column":49}},{"start":{"line":321,"column":10},"end":{"line":336,"column":12}}],"line":320},"8":{"loc":{"start":{"line":324,"column":21},"end":{"line":324,"column":66}},"type":"cond-expr","locations":[{"start":{"line":324,"column":45},"end":{"line":324,"column":54}},{"start":{"line":324,"column":57},"end":{"line":324,"column":66}}],"line":324},"9":{"loc":{"start":{"line":328,"column":14},"end":{"line":330,"column":15}},"type":"if","locations":[{"start":{"line":328,"column":14},"end":{"line":330,"column":15}},{"start":{},"end":{}}],"line":328},"10":{"loc":{"start":{"line":331,"column":14},"end":{"line":333,"column":15}},"type":"if","locations":[{"start":{"line":331,"column":14},"end":{"line":333,"column":15}},{"start":{},"end":{}}],"line":331},"11":{"loc":{"start":{"line":335,"column":44},"end":{"line":335,"column":83}},"type":"cond-expr","locations":[{"start":{"line":335,"column":68},"end":{"line":335,"column":71}},{"start":{"line":335,"column":74},"end":{"line":335,"column":83}}],"line":335},"12":{"loc":{"start":{"line":362,"column":11},"end":{"line":362,"column":52}},"type":"cond-expr","locations":[{"start":{"line":362,"column":26},"end":{"line":362,"column":41}},{"start":{"line":362,"column":44},"end":{"line":362,"column":52}}],"line":362},"13":{"loc":{"start":{"line":378,"column":7},"end":{"line":378,"column":53}},"type":"binary-expr","locations":[{"start":{"line":378,"column":7},"end":{"line":378,"column":31}},{"start":{"line":378,"column":35},"end":{"line":378,"column":53}}],"line":378},"14":{"loc":{"start":{"line":379,"column":7},"end":{"line":379,"column":53}},"type":"binary-expr","locations":[{"start":{"line":379,"column":7},"end":{"line":379,"column":29}},{"start":{"line":379,"column":33},"end":{"line":379,"column":53}}],"line":379},"15":{"loc":{"start":{"line":380,"column":7},"end":{"line":380,"column":57}},"type":"binary-expr","locations":[{"start":{"line":380,"column":7},"end":{"line":380,"column":33}},{"start":{"line":380,"column":37},"end":{"line":380,"column":57}}],"line":380}},"s":{"0":0,"1":0,"2":0,"3":0,"4":0,"5":0,"6":0,"7":0,"8":0,"9":0,"10":0,"11":0,"12":0,"13":0,"14":0,"15":0,"16":0,"17":0,"18":0,"19":0,"20":0,"21":0,"22":0,"23":0,"24":0,"25":0,"26":0,"27":0,"28":0,"29":0,"30":0,"31":0,"32":0,"33":0,"34":0,"35":0,"36":0,"37":0,"38":0,"39":0,"40":0,"41":0,"42":0,"43":0,"44":0,"45":0,"46":0,"47":0,"48":0,"49":0,"50":0,"51":0,"52":0,"53":0,"54":0,"55":0,"56":0,"57":0,"58":0,"59":0},"f":{"0":0,"1":0,"2":0,"3":0,"4":0,"5":0,"6":0,"7":0,"8":0,"9":0,"10":0,"11":0,"12":0,"13":0,"14":0},"b":{"0":[0,0],"1":[0,0],"2":[0,0],"3":[0,0],"4":[0,0],"5":[0,0],"6":[0,0],"7":[0,0,0],"8":[0,0],"9":[0,0],"10":[0,0],"11":[0,0],"12":[0,0],"13":[0,0],"14":[0,0],"15":[0,0]}}
,"/home/runner/workspace/bloom-mobile/src/components/NatalChart.tsx": {"path":"/home/runner/workspace/bloom-mobile/src/components/NatalChart.tsx","statementMap":{"0":{"start":{"line":27,"column":23},"end":{"line":31,"column":2}},"1":{"start":{"line":33,"column":24},"end":{"line":39,"column":2}},"2":{"start":{"line":41,"column":21},"end":{"line":54,"column":2}},"3":{"start":{"line":56,"column":19},"end":{"line":69,"column":2}},"4":{"start":{"line":71,"column":23},"end":{"line":74,"column":2}},"5":{"start":{"line":76,"column":20},"end":{"line":80,"column":2}},"6":{"start":{"line":82,"column":21},"end":{"line":88,"column":2}},"7":{"start":{"line":90,"column":17},"end":{"line":95,"column":2}},"8":{"start":{"line":97,"column":17},"end":{"line":102,"column":2}},"9":{"start":{"line":104,"column":24},"end":{"line":108,"column":2}},"10":{"start":{"line":110,"column":23},"end":{"line":114,"column":2}},"11":{"start":{"line":117,"column":26},"end":{"line":117,"column":54}},"12":{"start":{"line":119,"column":22},"end":{"line":134,"column":3}},"13":{"start":{"line":120,"column":4},"end":{"line":133,"column":21}},"14":{"start":{"line":127,"column":8},"end":{"line":131,"column":19}},"15":{"start":{"line":136,"column":23},"end":{"line":140,"column":3}},"16":{"start":{"line":137,"column":4},"end":{"line":139,"column":22}},"17":{"start":{"line":142,"column":2},"end":{"line":168,"column":4}},"18":{"start":{"line":147,"column":25},"end":{"line":147,"column":41}},"19":{"start":{"line":157,"column":25},"end":{"line":157,"column":42}}},"fnMap":{"0":{"name":"NatalChart","decl":{"start":{"line":116,"column":24},"end":{"line":116,"column":34}},"loc":{"start":{"line":116,"column":62},"end":{"line":169,"column":1}},"line":116},"1":{"name":"(anonymous_1)","decl":{"start":{"line":119,"column":22},"end":{"line":119,"column":23}},"loc":{"start":{"line":120,"column":4},"end":{"line":133,"column":21}},"line":120},"2":{"name":"(anonymous_2)","decl":{"start":{"line":126,"column":40},"end":{"line":126,"column":41}},"loc":{"start":{"line":127,"column":8},"end":{"line":131,"column":19}},"line":127},"3":{"name":"(anonymous_3)","decl":{"start":{"line":136,"column":23},"end":{"line":136,"column":24}},"loc":{"start":{"line":137,"column":4},"end":{"line":139,"column":22}},"line":137},"4":{"name":"(anonymous_4)","decl":{"start":{"line":147,"column":19},"end":{"line":147,"column":20}},"loc":{"start":{"line":147,"column":25},"end":{"line":147,"column":41}},"line":147},"5":{"name":"(anonymous_5)","decl":{"start":{"line":157,"column":19},"end":{"line":157,"column":20}},"loc":{"start":{"line":157,"column":25},"end":{"line":157,"column":42}},"line":157}},"branchMap":{"0":{"loc":{"start":{"line":128,"column":21},"end":{"line":128,"column":42}},"type":"binary-expr","locations":[{"start":{"line":128,"column":21},"end":{"line":128,"column":36}},{"start":{"line":128,"column":40},"end":{"line":128,"column":42}}],"line":128},"1":{"loc":{"start":{"line":166,"column":7},"end":{"line":166,"column":56}},"type":"cond-expr","locations":[{"start":{"line":166,"column":26},"end":{"line":166,"column":39}},{"start":{"line":166,"column":42},"end":{"line":166,"column":56}}],"line":166}},"s":{"0":0,"1":0,"2":0,"3":0,"4":0,"5":0,"6":0,"7":0,"8":0,"9":0,"10":0,"11":0,"12":0,"13":0,"14":0,"15":0,"16":0,"17":0,"18":0,"19":0},"f":{"0":0,"1":0,"2":0,"3":0,"4":0,"5":0},"b":{"0":[0,0],"1":[0,0]}}
,"/home/runner/workspace/bloom-mobile/src/components/NotificationBadge.tsx": {"path":"/home/runner/workspace/bloom-mobile/src/components/NotificationBadge.tsx","statementMap":{"0":{"start":{"line":9,"column":14},"end":{"line":32,"column":2}},"1":{"start":{"line":34,"column":18},"end":{"line":52,"column":2}},"2":{"start":{"line":55,"column":2},"end":{"line":55,"column":31}},"3":{"start":{"line":55,"column":19},"end":{"line":55,"column":31}},"4":{"start":{"line":57,"column":23},"end":{"line":57,"column":60}},"5":{"start":{"line":59,"column":2},"end":{"line":65,"column":4}}},"fnMap":{"0":{"name":"NotificationBadge","decl":{"start":{"line":54,"column":24},"end":{"line":54,"column":41}},"loc":{"start":{"line":54,"column":93},"end":{"line":66,"column":1}},"line":54}},"branchMap":{"0":{"loc":{"start":{"line":54,"column":51},"end":{"line":54,"column":65}},"type":"default-arg","locations":[{"start":{"line":54,"column":58},"end":{"line":54,"column":65}}],"line":54},"1":{"loc":{"start":{"line":55,"column":2},"end":{"line":55,"column":31}},"type":"if","locations":[{"start":{"line":55,"column":2},"end":{"line":55,"column":31}},{"start":{},"end":{}}],"line":55},"2":{"loc":{"start":{"line":57,"column":23},"end":{"line":57,"column":60}},"type":"cond-expr","locations":[{"start":{"line":57,"column":36},"end":{"line":57,"column":41}},{"start":{"line":57,"column":44},"end":{"line":57,"column":60}}],"line":57}},"s":{"0":0,"1":0,"2":0,"3":0,"4":0,"5":0},"f":{"0":0},"b":{"0":[0],"1":[0,0],"2":[0,0]}}
,"/home/runner/workspace/bloom-mobile/src/components/TabBarIcon.tsx": {"path":"/home/runner/workspace/bloom-mobile/src/components/TabBarIcon.tsx","statementMap":{"0":{"start":{"line":14,"column":76},"end":{"line":21,"column":1}},"1":{"start":{"line":23,"column":21},"end":{"line":37,"column":2}},"2":{"start":{"line":40,"column":19},"end":{"line":40,"column":32}},"3":{"start":{"line":41,"column":23},"end":{"line":41,"column":65}},"4":{"start":{"line":43,"column":2},"end":{"line":51,"column":3}}},"fnMap":{"0":{"name":"TabBarIcon","decl":{"start":{"line":39,"column":24},"end":{"line":39,"column":34}},"loc":{"start":{"line":39,"column":84},"end":{"line":52,"column":1}},"line":39}},"branchMap":{"0":{"loc":{"start":{"line":41,"column":23},"end":{"line":41,"column":65}},"type":"cond-expr","locations":[{"start":{"line":41,"column":33},"end":{"line":41,"column":41}},{"start":{"line":41,"column":44},"end":{"line":41,"column":65}}],"line":41}},"s":{"0":0,"1":0,"2":0,"3":0,"4":0},"f":{"0":0},"b":{"0":[0,0]}}
,"/home/runner/workspace/bloom-mobile/src/hooks/useAuth.ts": {"path":"/home/runner/workspace/bloom-mobile/src/hooks/useAuth.ts","statementMap":{"0":{"start":{"line":29,"column":28},"end":{"line":29,"column":52}},"1":{"start":{"line":32,"column":2},"end":{"line":41,"column":14}},"2":{"start":{"line":33,"column":21},"end":{"line":38,"column":12}},"3":{"start":{"line":34,"column":23},"end":{"line":34,"column":37}},"4":{"start":{"line":35,"column":6},"end":{"line":37,"column":7}},"5":{"start":{"line":36,"column":8},"end":{"line":36,"column":27}},"6":{"start":{"line":40,"column":4},"end":{"line":40,"column":41}},"7":{"start":{"line":40,"column":17},"end":{"line":40,"column":40}},"8":{"start":{"line":43,"column":23},"end":{"line":61,"column":8}},"9":{"start":{"line":54,"column":4},"end":{"line":60,"column":5}},"10":{"start":{"line":55,"column":6},"end":{"line":55,"column":25}},"11":{"start":{"line":56,"column":6},"end":{"line":56,"column":31}},"12":{"start":{"line":59,"column":6},"end":{"line":59,"column":16}},"13":{"start":{"line":63,"column":23},"end":{"line":74,"column":8}},"14":{"start":{"line":67,"column":4},"end":{"line":73,"column":5}},"15":{"start":{"line":68,"column":6},"end":{"line":68,"column":25}},"16":{"start":{"line":69,"column":6},"end":{"line":69,"column":31}},"17":{"start":{"line":72,"column":6},"end":{"line":72,"column":16}},"18":{"start":{"line":76,"column":24},"end":{"line":84,"column":8}},"19":{"start":{"line":77,"column":4},"end":{"line":83,"column":5}},"20":{"start":{"line":78,"column":6},"end":{"line":78,"column":22}},"21":{"start":{"line":79,"column":6},"end":{"line":79,"column":31}},"22":{"start":{"line":82,"column":6},"end":{"line":82,"column":16}},"23":{"start":{"line":86,"column":2},"end":{"line":94,"column":4}}},"fnMap":{"0":{"name":"useAuth","decl":{"start":{"line":28,"column":16},"end":{"line":28,"column":23}},"loc":{"start":{"line":28,"column":41},"end":{"line":95,"column":1}},"line":28},"1":{"name":"(anonymous_1)","decl":{"start":{"line":32,"column":12},"end":{"line":32,"column":13}},"loc":{"start":{"line":32,"column":18},"end":{"line":41,"column":3}},"line":32},"2":{"name":"(anonymous_2)","decl":{"start":{"line":33,"column":33},"end":{"line":33,"column":34}},"loc":{"start":{"line":33,"column":39},"end":{"line":38,"column":5}},"line":33},"3":{"name":"(anonymous_3)","decl":{"start":{"line":40,"column":11},"end":{"line":40,"column":12}},"loc":{"start":{"line":40,"column":17},"end":{"line":40,"column":40}},"line":40},"4":{"name":"(anonymous_4)","decl":{"start":{"line":43,"column":35},"end":{"line":43,"column":36}},"loc":{"start":{"line":53,"column":8},"end":{"line":61,"column":3}},"line":53},"5":{"name":"(anonymous_5)","decl":{"start":{"line":63,"column":35},"end":{"line":63,"column":36}},"loc":{"start":{"line":66,"column":8},"end":{"line":74,"column":3}},"line":66},"6":{"name":"(anonymous_6)","decl":{"start":{"line":76,"column":36},"end":{"line":76,"column":37}},"loc":{"start":{"line":76,"column":48},"end":{"line":84,"column":3}},"line":76}},"branchMap":{"0":{"loc":{"start":{"line":35,"column":6},"end":{"line":37,"column":7}},"type":"if","locations":[{"start":{"line":35,"column":6},"end":{"line":37,"column":7}},{"start":{},"end":{}}],"line":35}},"s":{"0":0,"1":0,"2":0,"3":0,"4":0,"5":0,"6":0,"7":0,"8":0,"9":0,"10":0,"11":0,"12":0,"13":0,"14":0,"15":0,"16":0,"17":0,"18":0,"19":0,"20":0,"21":0,"22":0,"23":0},"f":{"0":0,"1":0,"2":0,"3":0,"4":0,"5":0,"6":0},"b":{"0":[0,0]}}
,"/home/runner/workspace/bloom-mobile/src/hooks/useChat.ts": {"path":"/home/runner/workspace/bloom-mobile/src/hooks/useChat.ts","statementMap":{"0":{"start":{"line":20,"column":34},"end":{"line":20,"column":57}},"1":{"start":{"line":21,"column":32},"end":{"line":21,"column":46}},"2":{"start":{"line":22,"column":28},"end":{"line":22,"column":57}},"3":{"start":{"line":23,"column":30},"end":{"line":23,"column":41}},"4":{"start":{"line":24,"column":32},"end":{"line":24,"column":46}},"5":{"start":{"line":25,"column":16},"end":{"line":25,"column":18}},"6":{"start":{"line":27,"column":23},"end":{"line":52,"column":38}},"7":{"start":{"line":28,"column":4},"end":{"line":51,"column":5}},"8":{"start":{"line":29,"column":6},"end":{"line":29,"column":23}},"9":{"start":{"line":30,"column":6},"end":{"line":30,"column":21}},"10":{"start":{"line":31,"column":30},"end":{"line":31,"column":71}},"11":{"start":{"line":32,"column":6},"end":{"line":37,"column":9}},"12":{"start":{"line":33,"column":25},"end":{"line":33,"column":54}},"13":{"start":{"line":35,"column":8},"end":{"line":36,"column":95}},"14":{"start":{"line":35,"column":54},"end":{"line":35,"column":67}},"15":{"start":{"line":36,"column":26},"end":{"line":36,"column":93}},"16":{"start":{"line":38,"column":6},"end":{"line":38,"column":51}},"17":{"start":{"line":41,"column":29},"end":{"line":43,"column":7}},"18":{"start":{"line":42,"column":15},"end":{"line":42,"column":52}},"19":{"start":{"line":44,"column":6},"end":{"line":46,"column":7}},"20":{"start":{"line":45,"column":8},"end":{"line":45,"column":50}},"21":{"start":{"line":48,"column":6},"end":{"line":48,"column":79}},"22":{"start":{"line":50,"column":6},"end":{"line":50,"column":24}},"23":{"start":{"line":55,"column":2},"end":{"line":57,"column":30}},"24":{"start":{"line":56,"column":4},"end":{"line":56,"column":19}},"25":{"start":{"line":60,"column":2},"end":{"line":83,"column":24}},"26":{"start":{"line":61,"column":24},"end":{"line":78,"column":6}},"27":{"start":{"line":62,"column":6},"end":{"line":68,"column":9}},"28":{"start":{"line":64,"column":8},"end":{"line":66,"column":9}},"29":{"start":{"line":64,"column":29},"end":{"line":64,"column":53}},"30":{"start":{"line":65,"column":10},"end":{"line":65,"column":22}},"31":{"start":{"line":67,"column":8},"end":{"line":67,"column":37}},"32":{"start":{"line":71,"column":6},"end":{"line":77,"column":7}},"33":{"start":{"line":72,"column":8},"end":{"line":76,"column":9}},"34":{"start":{"line":73,"column":10},"end":{"line":73,"column":52}},"35":{"start":{"line":75,"column":10},"end":{"line":75,"column":64}},"36":{"start":{"line":80,"column":4},"end":{"line":82,"column":6}},"37":{"start":{"line":81,"column":6},"end":{"line":81,"column":20}},"38":{"start":{"line":85,"column":27},"end":{"line":89,"column":3}},"39":{"start":{"line":86,"column":4},"end":{"line":86,"column":36}},"40":{"start":{"line":86,"column":29},"end":{"line":86,"column":36}},"41":{"start":{"line":87,"column":4},"end":{"line":87,"column":36}},"42":{"start":{"line":87,"column":22},"end":{"line":87,"column":34}},"43":{"start":{"line":88,"column":4},"end":{"line":88,"column":25}},"44":{"start":{"line":91,"column":28},"end":{"line":99,"column":3}},"45":{"start":{"line":92,"column":4},"end":{"line":98,"column":5}},"46":{"start":{"line":93,"column":6},"end":{"line":93,"column":21}},"47":{"start":{"line":94,"column":6},"end":{"line":94,"column":50}},"48":{"start":{"line":96,"column":6},"end":{"line":96,"column":78}},"49":{"start":{"line":97,"column":6},"end":{"line":97,"column":16}},"50":{"start":{"line":101,"column":2},"end":{"line":108,"column":4}}},"fnMap":{"0":{"name":"useChat","decl":{"start":{"line":19,"column":16},"end":{"line":19,"column":23}},"loc":{"start":{"line":19,"column":72},"end":{"line":109,"column":1}},"line":19},"1":{"name":"(anonymous_1)","decl":{"start":{"line":27,"column":35},"end":{"line":27,"column":36}},"loc":{"start":{"line":27,"column":47},"end":{"line":52,"column":3}},"line":27},"2":{"name":"(anonymous_2)","decl":{"start":{"line":32,"column":18},"end":{"line":32,"column":19}},"loc":{"start":{"line":32,"column":26},"end":{"line":37,"column":7}},"line":32},"3":{"name":"(anonymous_3)","decl":{"start":{"line":35,"column":47},"end":{"line":35,"column":48}},"loc":{"start":{"line":35,"column":54},"end":{"line":35,"column":67}},"line":35},"4":{"name":"(anonymous_4)","decl":{"start":{"line":36,"column":16},"end":{"line":36,"column":17}},"loc":{"start":{"line":36,"column":26},"end":{"line":36,"column":93}},"line":36},"5":{"name":"(anonymous_5)","decl":{"start":{"line":42,"column":8},"end":{"line":42,"column":9}},"loc":{"start":{"line":42,"column":15},"end":{"line":42,"column":52}},"line":42},"6":{"name":"(anonymous_6)","decl":{"start":{"line":55,"column":12},"end":{"line":55,"column":13}},"loc":{"start":{"line":55,"column":18},"end":{"line":57,"column":3}},"line":55},"7":{"name":"(anonymous_7)","decl":{"start":{"line":60,"column":12},"end":{"line":60,"column":13}},"loc":{"start":{"line":60,"column":18},"end":{"line":83,"column":3}},"line":60},"8":{"name":"(anonymous_8)","decl":{"start":{"line":61,"column":53},"end":{"line":61,"column":54}},"loc":{"start":{"line":61,"column":75},"end":{"line":78,"column":5}},"line":61},"9":{"name":"(anonymous_9)","decl":{"start":{"line":62,"column":18},"end":{"line":62,"column":19}},"loc":{"start":{"line":62,"column":26},"end":{"line":68,"column":7}},"line":62},"10":{"name":"(anonymous_10)","decl":{"start":{"line":64,"column":22},"end":{"line":64,"column":23}},"loc":{"start":{"line":64,"column":29},"end":{"line":64,"column":53}},"line":64},"11":{"name":"(anonymous_11)","decl":{"start":{"line":80,"column":11},"end":{"line":80,"column":12}},"loc":{"start":{"line":80,"column":17},"end":{"line":82,"column":5}},"line":80},"12":{"name":"(anonymous_12)","decl":{"start":{"line":85,"column":27},"end":{"line":85,"column":28}},"loc":{"start":{"line":85,"column":39},"end":{"line":89,"column":3}},"line":85},"13":{"name":"(anonymous_13)","decl":{"start":{"line":87,"column":14},"end":{"line":87,"column":15}},"loc":{"start":{"line":87,"column":22},"end":{"line":87,"column":34}},"line":87},"14":{"name":"(anonymous_14)","decl":{"start":{"line":91,"column":28},"end":{"line":91,"column":29}},"loc":{"start":{"line":91,"column":55},"end":{"line":99,"column":3}},"line":91}},"branchMap":{"0":{"loc":{"start":{"line":42,"column":15},"end":{"line":42,"column":52}},"type":"binary-expr","locations":[{"start":{"line":42,"column":15},"end":{"line":42,"column":39}},{"start":{"line":42,"column":43},"end":{"line":42,"column":52}}],"line":42},"1":{"loc":{"start":{"line":44,"column":6},"end":{"line":46,"column":7}},"type":"if","locations":[{"start":{"line":44,"column":6},"end":{"line":46,"column":7}},{"start":{},"end":{}}],"line":44},"2":{"loc":{"start":{"line":48,"column":15},"end":{"line":48,"column":77}},"type":"cond-expr","locations":[{"start":{"line":48,"column":38},"end":{"line":48,"column":49}},{"start":{"line":48,"column":52},"end":{"line":48,"column":77}}],"line":48},"3":{"loc":{"start":{"line":64,"column":8},"end":{"line":66,"column":9}},"type":"if","locations":[{"start":{"line":64,"column":8},"end":{"line":66,"column":9}},{"start":{},"end":{}}],"line":64},"4":{"loc":{"start":{"line":71,"column":6},"end":{"line":77,"column":7}},"type":"if","locations":[{"start":{"line":71,"column":6},"end":{"line":77,"column":7}},{"start":{},"end":{}}],"line":71},"5":{"loc":{"start":{"line":86,"column":4},"end":{"line":86,"column":36}},"type":"if","locations":[{"start":{"line":86,"column":4},"end":{"line":86,"column":36}},{"start":{},"end":{}}],"line":86},"6":{"loc":{"start":{"line":86,"column":8},"end":{"line":86,"column":27}},"type":"binary-expr","locations":[{"start":{"line":86,"column":8},"end":{"line":86,"column":16}},{"start":{"line":86,"column":20},"end":{"line":86,"column":27}}],"line":86},"7":{"loc":{"start":{"line":96,"column":15},"end":{"line":96,"column":76}},"type":"cond-expr","locations":[{"start":{"line":96,"column":38},"end":{"line":96,"column":49}},{"start":{"line":96,"column":52},"end":{"line":96,"column":76}}],"line":96}},"s":{"0":0,"1":0,"2":0,"3":0,"4":0,"5":0,"6":0,"7":0,"8":0,"9":0,"10":0,"11":0,"12":0,"13":0,"14":0,"15":0,"16":0,"17":0,"18":0,"19":0,"20":0,"21":0,"22":0,"23":0,"24":0,"25":0,"26":0,"27":0,"28":0,"29":0,"30":0,"31":0,"32":0,"33":0,"34":0,"35":0,"36":0,"37":0,"38":0,"39":0,"40":0,"41":0,"42":0,"43":0,"44":0,"45":0,"46":0,"47":0,"48":0,"49":0,"50":0},"f":{"0":0,"1":0,"2":0,"3":0,"4":0,"5":0,"6":0,"7":0,"8":0,"9":0,"10":0,"11":0,"12":0,"13":0,"14":0},"b":{"0":[0,0],"1":[0,0],"2":[0,0],"3":[0,0],"4":[0,0],"5":[0,0],"6":[0,0],"7":[0,0]}}
,"/home/runner/workspace/bloom-mobile/src/hooks/useDatePreferences.ts": {"path":"/home/runner/workspace/bloom-mobile/src/hooks/useDatePreferences.ts","statementMap":{"0":{"start":{"line":20,"column":40},"end":{"line":20,"column":66}},"1":{"start":{"line":21,"column":32},"end":{"line":21,"column":46}},"2":{"start":{"line":22,"column":28},"end":{"line":22,"column":57}},"3":{"start":{"line":24,"column":27},"end":{"line":56,"column":8}},"4":{"start":{"line":25,"column":4},"end":{"line":55,"column":5}},"5":{"start":{"line":26,"column":33},"end":{"line":26,"column":62}},"6":{"start":{"line":27,"column":6},"end":{"line":27,"column":50}},"7":{"start":{"line":27,"column":17},"end":{"line":27,"column":50}},"8":{"start":{"line":30,"column":39},"end":{"line":38,"column":50}},"9":{"start":{"line":40,"column":6},"end":{"line":40,"column":33}},"10":{"start":{"line":40,"column":19},"end":{"line":40,"column":33}},"11":{"start":{"line":43,"column":37},"end":{"line":46,"column":9}},"12":{"start":{"line":43,"column":63},"end":{"line":46,"column":7}},"13":{"start":{"line":48,"column":6},"end":{"line":48,"column":45}},"14":{"start":{"line":49,"column":6},"end":{"line":49,"column":21}},"15":{"start":{"line":51,"column":6},"end":{"line":51,"column":87}},"16":{"start":{"line":52,"column":6},"end":{"line":52,"column":60}},"17":{"start":{"line":54,"column":6},"end":{"line":54,"column":24}},"18":{"start":{"line":58,"column":31},"end":{"line":80,"column":24}},"19":{"start":{"line":61,"column":4},"end":{"line":79,"column":5}},"20":{"start":{"line":62,"column":33},"end":{"line":62,"column":62}},"21":{"start":{"line":63,"column":6},"end":{"line":63,"column":50}},"22":{"start":{"line":63,"column":17},"end":{"line":63,"column":50}},"23":{"start":{"line":65,"column":33},"end":{"line":71,"column":10}},"24":{"start":{"line":73,"column":6},"end":{"line":73,"column":33}},"25":{"start":{"line":73,"column":19},"end":{"line":73,"column":33}},"26":{"start":{"line":75,"column":6},"end":{"line":75,"column":31}},"27":{"start":{"line":77,"column":6},"end":{"line":77,"column":60}},"28":{"start":{"line":78,"column":6},"end":{"line":78,"column":16}},"29":{"start":{"line":82,"column":31},"end":{"line":96,"column":24}},"30":{"start":{"line":83,"column":4},"end":{"line":95,"column":5}},"31":{"start":{"line":84,"column":33},"end":{"line":87,"column":31}},"32":{"start":{"line":89,"column":6},"end":{"line":89,"column":33}},"33":{"start":{"line":89,"column":19},"end":{"line":89,"column":33}},"34":{"start":{"line":91,"column":6},"end":{"line":91,"column":31}},"35":{"start":{"line":93,"column":6},"end":{"line":93,"column":62}},"36":{"start":{"line":94,"column":6},"end":{"line":94,"column":16}},"37":{"start":{"line":99,"column":2},"end":{"line":126,"column":25}},"38":{"start":{"line":100,"column":30},"end":{"line":123,"column":5}},"39":{"start":{"line":101,"column":33},"end":{"line":101,"column":62}},"40":{"start":{"line":102,"column":6},"end":{"line":102,"column":24}},"41":{"start":{"line":102,"column":17},"end":{"line":102,"column":24}},"42":{"start":{"line":104,"column":27},"end":{"line":118,"column":20}},"43":{"start":{"line":115,"column":12},"end":{"line":115,"column":37}},"44":{"start":{"line":120,"column":6},"end":{"line":122,"column":8}},"45":{"start":{"line":121,"column":8},"end":{"line":121,"column":35}},"46":{"start":{"line":125,"column":4},"end":{"line":125,"column":24}},"47":{"start":{"line":129,"column":2},"end":{"line":156,"column":25}},"48":{"start":{"line":130,"column":30},"end":{"line":153,"column":5}},"49":{"start":{"line":131,"column":33},"end":{"line":131,"column":62}},"50":{"start":{"line":132,"column":6},"end":{"line":132,"column":24}},"51":{"start":{"line":132,"column":17},"end":{"line":132,"column":24}},"52":{"start":{"line":134,"column":27},"end":{"line":148,"column":20}},"53":{"start":{"line":145,"column":12},"end":{"line":145,"column":37}},"54":{"start":{"line":150,"column":6},"end":{"line":152,"column":8}},"55":{"start":{"line":151,"column":8},"end":{"line":151,"column":35}},"56":{"start":{"line":155,"column":4},"end":{"line":155,"column":24}},"57":{"start":{"line":159,"column":2},"end":{"line":161,"column":25}},"58":{"start":{"line":160,"column":4},"end":{"line":160,"column":23}},"59":{"start":{"line":164,"column":27},"end":{"line":164,"column":49}},"60":{"start":{"line":166,"column":2},"end":{"line":174,"column":4}}},"fnMap":{"0":{"name":"useDatePreferences","decl":{"start":{"line":19,"column":16},"end":{"line":19,"column":34}},"loc":{"start":{"line":19,"column":63},"end":{"line":175,"column":1}},"line":19},"1":{"name":"(anonymous_1)","decl":{"start":{"line":24,"column":39},"end":{"line":24,"column":40}},"loc":{"start":{"line":24,"column":51},"end":{"line":56,"column":3}},"line":24},"2":{"name":"(anonymous_2)","decl":{"start":{"line":43,"column":54},"end":{"line":43,"column":55}},"loc":{"start":{"line":43,"column":63},"end":{"line":46,"column":7}},"line":43},"3":{"name":"(anonymous_3)","decl":{"start":{"line":58,"column":43},"end":{"line":58,"column":44}},"loc":{"start":{"line":60,"column":7},"end":{"line":80,"column":3}},"line":60},"4":{"name":"(anonymous_4)","decl":{"start":{"line":82,"column":43},"end":{"line":82,"column":44}},"loc":{"start":{"line":82,"column":75},"end":{"line":96,"column":3}},"line":82},"5":{"name":"(anonymous_5)","decl":{"start":{"line":99,"column":12},"end":{"line":99,"column":13}},"loc":{"start":{"line":99,"column":18},"end":{"line":126,"column":3}},"line":99},"6":{"name":"(anonymous_6)","decl":{"start":{"line":100,"column":30},"end":{"line":100,"column":31}},"loc":{"start":{"line":100,"column":42},"end":{"line":123,"column":5}},"line":100},"7":{"name":"(anonymous_7)","decl":{"start":{"line":114,"column":10},"end":{"line":114,"column":11}},"loc":{"start":{"line":114,"column":22},"end":{"line":116,"column":11}},"line":114},"8":{"name":"(anonymous_8)","decl":{"start":{"line":120,"column":13},"end":{"line":120,"column":14}},"loc":{"start":{"line":120,"column":19},"end":{"line":122,"column":7}},"line":120},"9":{"name":"(anonymous_9)","decl":{"start":{"line":129,"column":12},"end":{"line":129,"column":13}},"loc":{"start":{"line":129,"column":18},"end":{"line":156,"column":3}},"line":129},"10":{"name":"(anonymous_10)","decl":{"start":{"line":130,"column":30},"end":{"line":130,"column":31}},"loc":{"start":{"line":130,"column":42},"end":{"line":153,"column":5}},"line":130},"11":{"name":"(anonymous_11)","decl":{"start":{"line":144,"column":10},"end":{"line":144,"column":11}},"loc":{"start":{"line":144,"column":22},"end":{"line":146,"column":11}},"line":144},"12":{"name":"(anonymous_12)","decl":{"start":{"line":150,"column":13},"end":{"line":150,"column":14}},"loc":{"start":{"line":150,"column":19},"end":{"line":152,"column":7}},"line":150},"13":{"name":"(anonymous_13)","decl":{"start":{"line":159,"column":12},"end":{"line":159,"column":13}},"loc":{"start":{"line":159,"column":18},"end":{"line":161,"column":3}},"line":159}},"branchMap":{"0":{"loc":{"start":{"line":27,"column":6},"end":{"line":27,"column":50}},"type":"if","locations":[{"start":{"line":27,"column":6},"end":{"line":27,"column":50}},{"start":{},"end":{}}],"line":27},"1":{"loc":{"start":{"line":40,"column":6},"end":{"line":40,"column":33}},"type":"if","locations":[{"start":{"line":40,"column":6},"end":{"line":40,"column":33}},{"start":{},"end":{}}],"line":40},"2":{"loc":{"start":{"line":43,"column":38},"end":{"line":43,"column":48}},"type":"binary-expr","locations":[{"start":{"line":43,"column":38},"end":{"line":43,"column":42}},{"start":{"line":43,"column":46},"end":{"line":43,"column":48}}],"line":43},"3":{"loc":{"start":{"line":45,"column":15},"end":{"line":45,"column":45}},"type":"binary-expr","locations":[{"start":{"line":45,"column":15},"end":{"line":45,"column":32}},{"start":{"line":45,"column":36},"end":{"line":45,"column":45}}],"line":45},"4":{"loc":{"start":{"line":51,"column":15},"end":{"line":51,"column":85}},"type":"cond-expr","locations":[{"start":{"line":51,"column":38},"end":{"line":51,"column":49}},{"start":{"line":51,"column":52},"end":{"line":51,"column":85}}],"line":51},"5":{"loc":{"start":{"line":63,"column":6},"end":{"line":63,"column":50}},"type":"if","locations":[{"start":{"line":63,"column":6},"end":{"line":63,"column":50}},{"start":{},"end":{}}],"line":63},"6":{"loc":{"start":{"line":73,"column":6},"end":{"line":73,"column":33}},"type":"if","locations":[{"start":{"line":73,"column":6},"end":{"line":73,"column":33}},{"start":{},"end":{}}],"line":73},"7":{"loc":{"start":{"line":89,"column":6},"end":{"line":89,"column":33}},"type":"if","locations":[{"start":{"line":89,"column":6},"end":{"line":89,"column":33}},{"start":{},"end":{}}],"line":89},"8":{"loc":{"start":{"line":102,"column":6},"end":{"line":102,"column":24}},"type":"if","locations":[{"start":{"line":102,"column":6},"end":{"line":102,"column":24}},{"start":{},"end":{}}],"line":102},"9":{"loc":{"start":{"line":132,"column":6},"end":{"line":132,"column":24}},"type":"if","locations":[{"start":{"line":132,"column":6},"end":{"line":132,"column":24}},{"start":{},"end":{}}],"line":132}},"s":{"0":0,"1":0,"2":0,"3":0,"4":0,"5":0,"6":0,"7":0,"8":0,"9":0,"10":0,"11":0,"12":0,"13":0,"14":0,"15":0,"16":0,"17":0,"18":0,"19":0,"20":0,"21":0,"22":0,"23":0,"24":0,"25":0,"26":0,"27":0,"28":0,"29":0,"30":0,"31":0,"32":0,"33":0,"34":0,"35":0,"36":0,"37":0,"38":0,"39":0,"40":0,"41":0,"42":0,"43":0,"44":0,"45":0,"46":0,"47":0,"48":0,"49":0,"50":0,"51":0,"52":0,"53":0,"54":0,"55":0,"56":0,"57":0,"58":0,"59":0,"60":0},"f":{"0":0,"1":0,"2":0,"3":0,"4":0,"5":0,"6":0,"7":0,"8":0,"9":0,"10":0,"11":0,"12":0,"13":0},"b":{"0":[0,0],"1":[0,0],"2":[0,0],"3":[0,0],"4":[0,0],"5":[0,0],"6":[0,0],"7":[0,0],"8":[0,0],"9":[0,0]}}
,"/home/runner/workspace/bloom-mobile/src/hooks/useMatch.ts": {"path":"/home/runner/workspace/bloom-mobile/src/hooks/useMatch.ts","statementMap":{"0":{"start":{"line":28,"column":28},"end":{"line":28,"column":63}},"1":{"start":{"line":29,"column":34},"end":{"line":29,"column":57}},"2":{"start":{"line":30,"column":32},"end":{"line":30,"column":46}},"3":{"start":{"line":31,"column":28},"end":{"line":31,"column":57}},"4":{"start":{"line":32,"column":48},"end":{"line":32,"column":62}},"5":{"start":{"line":34,"column":21},"end":{"line":74,"column":15}},"6":{"start":{"line":35,"column":4},"end":{"line":73,"column":5}},"7":{"start":{"line":36,"column":33},"end":{"line":36,"column":62}},"8":{"start":{"line":37,"column":6},"end":{"line":37,"column":50}},"9":{"start":{"line":37,"column":17},"end":{"line":37,"column":50}},"10":{"start":{"line":39,"column":39},"end":{"line":53,"column":17}},"11":{"start":{"line":55,"column":6},"end":{"line":55,"column":33}},"12":{"start":{"line":55,"column":19},"end":{"line":55,"column":33}},"13":{"start":{"line":58,"column":6},"end":{"line":66,"column":7}},"14":{"start":{"line":59,"column":39},"end":{"line":63,"column":19}},"15":{"start":{"line":65,"column":8},"end":{"line":65,"column":44}},"16":{"start":{"line":68,"column":6},"end":{"line":68,"column":21}},"17":{"start":{"line":69,"column":6},"end":{"line":69,"column":21}},"18":{"start":{"line":71,"column":6},"end":{"line":71,"column":76}},"19":{"start":{"line":72,"column":6},"end":{"line":72,"column":49}},"20":{"start":{"line":76,"column":24},"end":{"line":105,"column":15}},"21":{"start":{"line":77,"column":4},"end":{"line":104,"column":5}},"22":{"start":{"line":78,"column":18},"end":{"line":83,"column":18}},"23":{"start":{"line":85,"column":6},"end":{"line":87,"column":7}},"24":{"start":{"line":86,"column":8},"end":{"line":86,"column":46}},"25":{"start":{"line":89,"column":39},"end":{"line":89,"column":50}},"26":{"start":{"line":91,"column":6},"end":{"line":91,"column":33}},"27":{"start":{"line":91,"column":19},"end":{"line":91,"column":33}},"28":{"start":{"line":93,"column":6},"end":{"line":97,"column":7}},"29":{"start":{"line":94,"column":8},"end":{"line":94,"column":32}},"30":{"start":{"line":96,"column":8},"end":{"line":96,"column":56}},"31":{"start":{"line":96,"column":28},"end":{"line":96,"column":54}},"32":{"start":{"line":99,"column":6},"end":{"line":99,"column":53}},"33":{"start":{"line":100,"column":6},"end":{"line":100,"column":21}},"34":{"start":{"line":102,"column":6},"end":{"line":102,"column":79}},"35":{"start":{"line":103,"column":6},"end":{"line":103,"column":52}},"36":{"start":{"line":107,"column":22},"end":{"line":129,"column":15}},"37":{"start":{"line":108,"column":4},"end":{"line":128,"column":5}},"38":{"start":{"line":109,"column":33},"end":{"line":109,"column":62}},"39":{"start":{"line":110,"column":6},"end":{"line":110,"column":50}},"40":{"start":{"line":110,"column":17},"end":{"line":110,"column":50}},"41":{"start":{"line":112,"column":39},"end":{"line":120,"column":17}},"42":{"start":{"line":122,"column":6},"end":{"line":122,"column":33}},"43":{"start":{"line":122,"column":19},"end":{"line":122,"column":33}},"44":{"start":{"line":124,"column":6},"end":{"line":124,"column":43}},"45":{"start":{"line":124,"column":26},"end":{"line":124,"column":41}},"46":{"start":{"line":126,"column":6},"end":{"line":126,"column":51}},"47":{"start":{"line":127,"column":6},"end":{"line":127,"column":16}},"48":{"start":{"line":131,"column":22},"end":{"line":145,"column":27}},"49":{"start":{"line":132,"column":4},"end":{"line":144,"column":5}},"50":{"start":{"line":133,"column":33},"end":{"line":136,"column":26}},"51":{"start":{"line":138,"column":6},"end":{"line":138,"column":33}},"52":{"start":{"line":138,"column":19},"end":{"line":138,"column":33}},"53":{"start":{"line":140,"column":6},"end":{"line":140,"column":25}},"54":{"start":{"line":142,"column":6},"end":{"line":142,"column":51}},"55":{"start":{"line":143,"column":6},"end":{"line":143,"column":16}},"56":{"start":{"line":147,"column":22},"end":{"line":161,"column":27}},"57":{"start":{"line":148,"column":4},"end":{"line":160,"column":5}},"58":{"start":{"line":149,"column":33},"end":{"line":152,"column":26}},"59":{"start":{"line":154,"column":6},"end":{"line":154,"column":33}},"60":{"start":{"line":154,"column":19},"end":{"line":154,"column":33}},"61":{"start":{"line":156,"column":6},"end":{"line":156,"column":25}},"62":{"start":{"line":158,"column":6},"end":{"line":158,"column":51}},"63":{"start":{"line":159,"column":6},"end":{"line":159,"column":16}},"64":{"start":{"line":163,"column":27},"end":{"line":167,"column":48}},"65":{"start":{"line":164,"column":4},"end":{"line":164,"column":58}},"66":{"start":{"line":164,"column":51},"end":{"line":164,"column":58}},"67":{"start":{"line":165,"column":24},"end":{"line":165,"column":53}},"68":{"start":{"line":166,"column":4},"end":{"line":166,"column":40}},"69":{"start":{"line":170,"column":2},"end":{"line":191,"column":16}},"70":{"start":{"line":171,"column":25},"end":{"line":186,"column":18}},"71":{"start":{"line":182,"column":29},"end":{"line":182,"column":51}},"72":{"start":{"line":183,"column":10},"end":{"line":183,"column":53}},"73":{"start":{"line":183,"column":30},"end":{"line":183,"column":51}},"74":{"start":{"line":188,"column":4},"end":{"line":190,"column":6}},"75":{"start":{"line":189,"column":6},"end":{"line":189,"column":33}},"76":{"start":{"line":194,"column":2},"end":{"line":214,"column":28}},"77":{"start":{"line":195,"column":25},"end":{"line":209,"column":18}},"78":{"start":{"line":206,"column":10},"end":{"line":206,"column":23}},"79":{"start":{"line":211,"column":4},"end":{"line":213,"column":6}},"80":{"start":{"line":212,"column":6},"end":{"line":212,"column":33}},"81":{"start":{"line":217,"column":2},"end":{"line":231,"column":34}},"82":{"start":{"line":218,"column":21},"end":{"line":228,"column":5}},"83":{"start":{"line":219,"column":6},"end":{"line":219,"column":23}},"84":{"start":{"line":220,"column":6},"end":{"line":227,"column":7}},"85":{"start":{"line":221,"column":8},"end":{"line":224,"column":11}},"86":{"start":{"line":226,"column":8},"end":{"line":226,"column":26}},"87":{"start":{"line":230,"column":4},"end":{"line":230,"column":15}},"88":{"start":{"line":233,"column":2},"end":{"line":242,"column":4}}},"fnMap":{"0":{"name":"useMatch","decl":{"start":{"line":27,"column":16},"end":{"line":27,"column":24}},"loc":{"start":{"line":27,"column":58},"end":{"line":243,"column":1}},"line":27},"1":{"name":"(anonymous_1)","decl":{"start":{"line":34,"column":33},"end":{"line":34,"column":34}},"loc":{"start":{"line":34,"column":45},"end":{"line":74,"column":3}},"line":34},"2":{"name":"(anonymous_2)","decl":{"start":{"line":76,"column":36},"end":{"line":76,"column":37}},"loc":{"start":{"line":76,"column":70},"end":{"line":105,"column":3}},"line":76},"3":{"name":"(anonymous_3)","decl":{"start":{"line":96,"column":20},"end":{"line":96,"column":21}},"loc":{"start":{"line":96,"column":28},"end":{"line":96,"column":54}},"line":96},"4":{"name":"(anonymous_4)","decl":{"start":{"line":107,"column":34},"end":{"line":107,"column":35}},"loc":{"start":{"line":107,"column":61},"end":{"line":129,"column":3}},"line":107},"5":{"name":"(anonymous_5)","decl":{"start":{"line":124,"column":18},"end":{"line":124,"column":19}},"loc":{"start":{"line":124,"column":26},"end":{"line":124,"column":41}},"line":124},"6":{"name":"(anonymous_6)","decl":{"start":{"line":131,"column":34},"end":{"line":131,"column":35}},"loc":{"start":{"line":131,"column":46},"end":{"line":145,"column":3}},"line":131},"7":{"name":"(anonymous_7)","decl":{"start":{"line":147,"column":34},"end":{"line":147,"column":35}},"loc":{"start":{"line":147,"column":46},"end":{"line":161,"column":3}},"line":147},"8":{"name":"(anonymous_8)","decl":{"start":{"line":163,"column":39},"end":{"line":163,"column":40}},"loc":{"start":{"line":163,"column":51},"end":{"line":167,"column":3}},"line":163},"9":{"name":"(anonymous_9)","decl":{"start":{"line":170,"column":12},"end":{"line":170,"column":13}},"loc":{"start":{"line":170,"column":18},"end":{"line":191,"column":3}},"line":170},"10":{"name":"(anonymous_10)","decl":{"start":{"line":181,"column":8},"end":{"line":181,"column":9}},"loc":{"start":{"line":181,"column":21},"end":{"line":184,"column":9}},"line":181},"11":{"name":"(anonymous_11)","decl":{"start":{"line":183,"column":22},"end":{"line":183,"column":23}},"loc":{"start":{"line":183,"column":30},"end":{"line":183,"column":51}},"line":183},"12":{"name":"(anonymous_12)","decl":{"start":{"line":188,"column":11},"end":{"line":188,"column":12}},"loc":{"start":{"line":188,"column":17},"end":{"line":190,"column":5}},"line":188},"13":{"name":"(anonymous_13)","decl":{"start":{"line":194,"column":12},"end":{"line":194,"column":13}},"loc":{"start":{"line":194,"column":18},"end":{"line":214,"column":3}},"line":194},"14":{"name":"(anonymous_14)","decl":{"start":{"line":205,"column":8},"end":{"line":205,"column":9}},"loc":{"start":{"line":205,"column":14},"end":{"line":207,"column":9}},"line":205},"15":{"name":"(anonymous_15)","decl":{"start":{"line":211,"column":11},"end":{"line":211,"column":12}},"loc":{"start":{"line":211,"column":17},"end":{"line":213,"column":5}},"line":211},"16":{"name":"(anonymous_16)","decl":{"start":{"line":217,"column":12},"end":{"line":217,"column":13}},"loc":{"start":{"line":217,"column":18},"end":{"line":231,"column":3}},"line":217},"17":{"name":"(anonymous_17)","decl":{"start":{"line":218,"column":21},"end":{"line":218,"column":22}},"loc":{"start":{"line":218,"column":33},"end":{"line":228,"column":5}},"line":218}},"branchMap":{"0":{"loc":{"start":{"line":37,"column":6},"end":{"line":37,"column":50}},"type":"if","locations":[{"start":{"line":37,"column":6},"end":{"line":37,"column":50}},{"start":{},"end":{}}],"line":37},"1":{"loc":{"start":{"line":55,"column":6},"end":{"line":55,"column":33}},"type":"if","locations":[{"start":{"line":55,"column":6},"end":{"line":55,"column":33}},{"start":{},"end":{}}],"line":55},"2":{"loc":{"start":{"line":58,"column":6},"end":{"line":66,"column":7}},"type":"if","locations":[{"start":{"line":58,"column":6},"end":{"line":66,"column":7}},{"start":{},"end":{}}],"line":58},"3":{"loc":{"start":{"line":58,"column":10},"end":{"line":58,"column":43}},"type":"binary-expr","locations":[{"start":{"line":58,"column":10},"end":{"line":58,"column":14}},{"start":{"line":58,"column":18},"end":{"line":58,"column":43}}],"line":58},"4":{"loc":{"start":{"line":71,"column":15},"end":{"line":71,"column":74}},"type":"cond-expr","locations":[{"start":{"line":71,"column":38},"end":{"line":71,"column":49}},{"start":{"line":71,"column":52},"end":{"line":71,"column":74}}],"line":71},"5":{"loc":{"start":{"line":85,"column":6},"end":{"line":87,"column":7}},"type":"if","locations":[{"start":{"line":85,"column":6},"end":{"line":87,"column":7}},{"start":{},"end":{}}],"line":85},"6":{"loc":{"start":{"line":91,"column":6},"end":{"line":91,"column":33}},"type":"if","locations":[{"start":{"line":91,"column":6},"end":{"line":91,"column":33}},{"start":{},"end":{}}],"line":91},"7":{"loc":{"start":{"line":93,"column":6},"end":{"line":97,"column":7}},"type":"if","locations":[{"start":{"line":93,"column":6},"end":{"line":97,"column":7}},{"start":{"line":95,"column":13},"end":{"line":97,"column":7}}],"line":93},"8":{"loc":{"start":{"line":94,"column":20},"end":{"line":94,"column":30}},"type":"binary-expr","locations":[{"start":{"line":94,"column":20},"end":{"line":94,"column":24}},{"start":{"line":94,"column":28},"end":{"line":94,"column":30}}],"line":94},"9":{"loc":{"start":{"line":96,"column":42},"end":{"line":96,"column":52}},"type":"binary-expr","locations":[{"start":{"line":96,"column":42},"end":{"line":96,"column":46}},{"start":{"line":96,"column":50},"end":{"line":96,"column":52}}],"line":96},"10":{"loc":{"start":{"line":99,"column":26},"end":{"line":99,"column":36}},"type":"binary-expr","locations":[{"start":{"line":99,"column":26},"end":{"line":99,"column":30}},{"start":{"line":99,"column":34},"end":{"line":99,"column":36}}],"line":99},"11":{"loc":{"start":{"line":102,"column":15},"end":{"line":102,"column":77}},"type":"cond-expr","locations":[{"start":{"line":102,"column":38},"end":{"line":102,"column":49}},{"start":{"line":102,"column":52},"end":{"line":102,"column":77}}],"line":102},"12":{"loc":{"start":{"line":110,"column":6},"end":{"line":110,"column":50}},"type":"if","locations":[{"start":{"line":110,"column":6},"end":{"line":110,"column":50}},{"start":{},"end":{}}],"line":110},"13":{"loc":{"start":{"line":122,"column":6},"end":{"line":122,"column":33}},"type":"if","locations":[{"start":{"line":122,"column":6},"end":{"line":122,"column":33}},{"start":{},"end":{}}],"line":122},"14":{"loc":{"start":{"line":138,"column":6},"end":{"line":138,"column":33}},"type":"if","locations":[{"start":{"line":138,"column":6},"end":{"line":138,"column":33}},{"start":{},"end":{}}],"line":138},"15":{"loc":{"start":{"line":154,"column":6},"end":{"line":154,"column":33}},"type":"if","locations":[{"start":{"line":154,"column":6},"end":{"line":154,"column":33}},{"start":{},"end":{}}],"line":154},"16":{"loc":{"start":{"line":164,"column":4},"end":{"line":164,"column":58}},"type":"if","locations":[{"start":{"line":164,"column":4},"end":{"line":164,"column":58}},{"start":{},"end":{}}],"line":164},"17":{"loc":{"start":{"line":164,"column":8},"end":{"line":164,"column":49}},"type":"binary-expr","locations":[{"start":{"line":164,"column":8},"end":{"line":164,"column":24}},{"start":{"line":164,"column":28},"end":{"line":164,"column":49}}],"line":164}},"s":{"0":0,"1":0,"2":0,"3":0,"4":0,"5":0,"6":0,"7":0,"8":0,"9":0,"10":0,"11":0,"12":0,"13":0,"14":0,"15":0,"16":0,"17":0,"18":0,"19":0,"20":0,"21":0,"22":0,"23":0,"24":0,"25":0,"26":0,"27":0,"28":0,"29":0,"30":0,"31":0,"32":0,"33":0,"34":0,"35":0,"36":0,"37":0,"38":0,"39":0,"40":0,"41":0,"42":0,"43":0,"44":0,"45":0,"46":0,"47":0,"48":0,"49":0,"50":0,"51":0,"52":0,"53":0,"54":0,"55":0,"56":0,"57":0,"58":0,"59":0,"60":0,"61":0,"62":0,"63":0,"64":0,"65":0,"66":0,"67":0,"68":0,"69":0,"70":0,"71":0,"72":0,"73":0,"74":0,"75":0,"76":0,"77":0,"78":0,"79":0,"80":0,"81":0,"82":0,"83":0,"84":0,"85":0,"86":0,"87":0,"88":0},"f":{"0":0,"1":0,"2":0,"3":0,"4":0,"5":0,"6":0,"7":0,"8":0,"9":0,"10":0,"11":0,"12":0,"13":0,"14":0,"15":0,"16":0,"17":0},"b":{"0":[0,0],"1":[0,0],"2":[0,0],"3":[0,0],"4":[0,0],"5":[0,0],"6":[0,0],"7":[0,0],"8":[0,0],"9":[0,0],"10":[0,0],"11":[0,0],"12":[0,0],"13":[0,0],"14":[0,0],"15":[0,0],"16":[0,0],"17":[0,0]}}
,"/home/runner/workspace/bloom-mobile/src/hooks/useMatches.ts": {"path":"/home/runner/workspace/bloom-mobile/src/hooks/useMatches.ts","statementMap":{"0":{"start":{"line":28,"column":32},"end":{"line":28,"column":64}},"1":{"start":{"line":29,"column":32},"end":{"line":29,"column":46}},"2":{"start":{"line":30,"column":28},"end":{"line":30,"column":57}},"3":{"start":{"line":32,"column":23},"end":{"line":94,"column":8}},"4":{"start":{"line":33,"column":4},"end":{"line":93,"column":5}},"5":{"start":{"line":34,"column":33},"end":{"line":34,"column":62}},"6":{"start":{"line":35,"column":6},"end":{"line":35,"column":50}},"7":{"start":{"line":35,"column":17},"end":{"line":35,"column":50}},"8":{"start":{"line":37,"column":39},"end":{"line":52,"column":50}},"9":{"start":{"line":54,"column":6},"end":{"line":54,"column":33}},"10":{"start":{"line":54,"column":19},"end":{"line":54,"column":33}},"11":{"start":{"line":57,"column":33},"end":{"line":84,"column":9}},"12":{"start":{"line":58,"column":24},"end":{"line":58,"column":50}},"13":{"start":{"line":61,"column":8},"end":{"line":63,"column":9}},"14":{"start":{"line":62,"column":10},"end":{"line":62,"column":43}},"15":{"start":{"line":66,"column":39},"end":{"line":78,"column":19}},"16":{"start":{"line":80,"column":8},"end":{"line":83,"column":30}},"17":{"start":{"line":86,"column":6},"end":{"line":86,"column":37}},"18":{"start":{"line":87,"column":6},"end":{"line":87,"column":21}},"19":{"start":{"line":89,"column":6},"end":{"line":89,"column":78}},"20":{"start":{"line":90,"column":6},"end":{"line":90,"column":51}},"21":{"start":{"line":92,"column":6},"end":{"line":92,"column":24}},"22":{"start":{"line":96,"column":22},"end":{"line":123,"column":29}},"23":{"start":{"line":97,"column":4},"end":{"line":122,"column":5}},"24":{"start":{"line":98,"column":20},"end":{"line":98,"column":55}},"25":{"start":{"line":98,"column":38},"end":{"line":98,"column":54}},"26":{"start":{"line":99,"column":6},"end":{"line":99,"column":53}},"27":{"start":{"line":99,"column":18},"end":{"line":99,"column":53}},"28":{"start":{"line":101,"column":33},"end":{"line":104,"column":26}},"29":{"start":{"line":106,"column":6},"end":{"line":106,"column":33}},"30":{"start":{"line":106,"column":19},"end":{"line":106,"column":33}},"31":{"start":{"line":109,"column":6},"end":{"line":116,"column":9}},"32":{"start":{"line":118,"column":6},"end":{"line":118,"column":27}},"33":{"start":{"line":120,"column":6},"end":{"line":120,"column":51}},"34":{"start":{"line":121,"column":6},"end":{"line":121,"column":16}},"35":{"start":{"line":125,"column":22},"end":{"line":139,"column":20}},"36":{"start":{"line":126,"column":4},"end":{"line":138,"column":5}},"37":{"start":{"line":127,"column":33},"end":{"line":130,"column":26}},"38":{"start":{"line":132,"column":6},"end":{"line":132,"column":33}},"39":{"start":{"line":132,"column":19},"end":{"line":132,"column":33}},"40":{"start":{"line":134,"column":6},"end":{"line":134,"column":27}},"41":{"start":{"line":136,"column":6},"end":{"line":136,"column":51}},"42":{"start":{"line":137,"column":6},"end":{"line":137,"column":16}},"43":{"start":{"line":142,"column":2},"end":{"line":203,"column":21}},"44":{"start":{"line":143,"column":30},"end":{"line":200,"column":5}},"45":{"start":{"line":144,"column":33},"end":{"line":144,"column":62}},"46":{"start":{"line":145,"column":6},"end":{"line":145,"column":24}},"47":{"start":{"line":145,"column":17},"end":{"line":145,"column":24}},"48":{"start":{"line":147,"column":27},"end":{"line":195,"column":20}},"49":{"start":{"line":159,"column":29},"end":{"line":159,"column":49}},"50":{"start":{"line":160,"column":30},"end":{"line":160,"column":99}},"51":{"start":{"line":163,"column":45},"end":{"line":167,"column":23}},"52":{"start":{"line":169,"column":12},"end":{"line":178,"column":13}},"53":{"start":{"line":170,"column":14},"end":{"line":177,"column":17}},"54":{"start":{"line":180,"column":12},"end":{"line":180,"column":33}},"55":{"start":{"line":192,"column":12},"end":{"line":192,"column":33}},"56":{"start":{"line":197,"column":6},"end":{"line":199,"column":8}},"57":{"start":{"line":198,"column":8},"end":{"line":198,"column":35}},"58":{"start":{"line":202,"column":4},"end":{"line":202,"column":24}},"59":{"start":{"line":206,"column":2},"end":{"line":208,"column":21}},"60":{"start":{"line":207,"column":4},"end":{"line":207,"column":19}},"61":{"start":{"line":211,"column":25},"end":{"line":211,"column":76}},"62":{"start":{"line":211,"column":49},"end":{"line":211,"column":75}},"63":{"start":{"line":212,"column":24},"end":{"line":212,"column":76}},"64":{"start":{"line":212,"column":48},"end":{"line":212,"column":75}},"65":{"start":{"line":214,"column":2},"end":{"line":223,"column":4}}},"fnMap":{"0":{"name":"useMatches","decl":{"start":{"line":27,"column":16},"end":{"line":27,"column":26}},"loc":{"start":{"line":27,"column":47},"end":{"line":224,"column":1}},"line":27},"1":{"name":"(anonymous_1)","decl":{"start":{"line":32,"column":35},"end":{"line":32,"column":36}},"loc":{"start":{"line":32,"column":47},"end":{"line":94,"column":3}},"line":32},"2":{"name":"(anonymous_2)","decl":{"start":{"line":57,"column":68},"end":{"line":57,"column":69}},"loc":{"start":{"line":57,"column":85},"end":{"line":84,"column":7}},"line":57},"3":{"name":"(anonymous_3)","decl":{"start":{"line":96,"column":34},"end":{"line":96,"column":35}},"loc":{"start":{"line":96,"column":61},"end":{"line":123,"column":3}},"line":96},"4":{"name":"(anonymous_4)","decl":{"start":{"line":98,"column":33},"end":{"line":98,"column":34}},"loc":{"start":{"line":98,"column":38},"end":{"line":98,"column":54}},"line":98},"5":{"name":"(anonymous_5)","decl":{"start":{"line":125,"column":34},"end":{"line":125,"column":35}},"loc":{"start":{"line":125,"column":61},"end":{"line":139,"column":3}},"line":125},"6":{"name":"(anonymous_6)","decl":{"start":{"line":142,"column":12},"end":{"line":142,"column":13}},"loc":{"start":{"line":142,"column":18},"end":{"line":203,"column":3}},"line":142},"7":{"name":"(anonymous_7)","decl":{"start":{"line":143,"column":30},"end":{"line":143,"column":31}},"loc":{"start":{"line":143,"column":42},"end":{"line":200,"column":5}},"line":143},"8":{"name":"(anonymous_8)","decl":{"start":{"line":157,"column":10},"end":{"line":157,"column":11}},"loc":{"start":{"line":157,"column":29},"end":{"line":181,"column":11}},"line":157},"9":{"name":"(anonymous_9)","decl":{"start":{"line":191,"column":10},"end":{"line":191,"column":11}},"loc":{"start":{"line":191,"column":22},"end":{"line":193,"column":11}},"line":191},"10":{"name":"(anonymous_10)","decl":{"start":{"line":197,"column":13},"end":{"line":197,"column":14}},"loc":{"start":{"line":197,"column":19},"end":{"line":199,"column":7}},"line":197},"11":{"name":"(anonymous_11)","decl":{"start":{"line":206,"column":12},"end":{"line":206,"column":13}},"loc":{"start":{"line":206,"column":18},"end":{"line":208,"column":3}},"line":206},"12":{"name":"(anonymous_12)","decl":{"start":{"line":211,"column":40},"end":{"line":211,"column":41}},"loc":{"start":{"line":211,"column":49},"end":{"line":211,"column":75}},"line":211},"13":{"name":"(anonymous_13)","decl":{"start":{"line":212,"column":39},"end":{"line":212,"column":40}},"loc":{"start":{"line":212,"column":48},"end":{"line":212,"column":75}},"line":212}},"branchMap":{"0":{"loc":{"start":{"line":35,"column":6},"end":{"line":35,"column":50}},"type":"if","locations":[{"start":{"line":35,"column":6},"end":{"line":35,"column":50}},{"start":{},"end":{}}],"line":35},"1":{"loc":{"start":{"line":54,"column":6},"end":{"line":54,"column":33}},"type":"if","locations":[{"start":{"line":54,"column":6},"end":{"line":54,"column":33}},{"start":{},"end":{}}],"line":54},"2":{"loc":{"start":{"line":57,"column":52},"end":{"line":57,"column":62}},"type":"binary-expr","locations":[{"start":{"line":57,"column":52},"end":{"line":57,"column":56}},{"start":{"line":57,"column":60},"end":{"line":57,"column":62}}],"line":57},"3":{"loc":{"start":{"line":61,"column":8},"end":{"line":63,"column":9}},"type":"if","locations":[{"start":{"line":61,"column":8},"end":{"line":63,"column":9}},{"start":{},"end":{}}],"line":61},"4":{"loc":{"start":{"line":82,"column":27},"end":{"line":82,"column":45}},"type":"binary-expr","locations":[{"start":{"line":82,"column":27},"end":{"line":82,"column":39}},{"start":{"line":82,"column":43},"end":{"line":82,"column":45}}],"line":82},"5":{"loc":{"start":{"line":89,"column":15},"end":{"line":89,"column":76}},"type":"cond-expr","locations":[{"start":{"line":89,"column":38},"end":{"line":89,"column":49}},{"start":{"line":89,"column":52},"end":{"line":89,"column":76}}],"line":89},"6":{"loc":{"start":{"line":99,"column":6},"end":{"line":99,"column":53}},"type":"if","locations":[{"start":{"line":99,"column":6},"end":{"line":99,"column":53}},{"start":{},"end":{}}],"line":99},"7":{"loc":{"start":{"line":106,"column":6},"end":{"line":106,"column":33}},"type":"if","locations":[{"start":{"line":106,"column":6},"end":{"line":106,"column":33}},{"start":{},"end":{}}],"line":106},"8":{"loc":{"start":{"line":132,"column":6},"end":{"line":132,"column":33}},"type":"if","locations":[{"start":{"line":132,"column":6},"end":{"line":132,"column":33}},{"start":{},"end":{}}],"line":132},"9":{"loc":{"start":{"line":145,"column":6},"end":{"line":145,"column":24}},"type":"if","locations":[{"start":{"line":145,"column":6},"end":{"line":145,"column":24}},{"start":{},"end":{}}],"line":145},"10":{"loc":{"start":{"line":160,"column":30},"end":{"line":160,"column":99}},"type":"cond-expr","locations":[{"start":{"line":160,"column":62},"end":{"line":160,"column":79}},{"start":{"line":160,"column":82},"end":{"line":160,"column":99}}],"line":160},"11":{"loc":{"start":{"line":169,"column":12},"end":{"line":178,"column":13}},"type":"if","locations":[{"start":{"line":169,"column":12},"end":{"line":178,"column":13}},{"start":{},"end":{}}],"line":169}},"s":{"0":0,"1":0,"2":0,"3":0,"4":0,"5":0,"6":0,"7":0,"8":0,"9":0,"10":0,"11":0,"12":0,"13":0,"14":0,"15":0,"16":0,"17":0,"18":0,"19":0,"20":0,"21":0,"22":0,"23":0,"24":0,"25":0,"26":0,"27":0,"28":0,"29":0,"30":0,"31":0,"32":0,"33":0,"34":0,"35":0,"36":0,"37":0,"38":0,"39":0,"40":0,"41":0,"42":0,"43":0,"44":0,"45":0,"46":0,"47":0,"48":0,"49":0,"50":0,"51":0,"52":0,"53":0,"54":0,"55":0,"56":0,"57":0,"58":0,"59":0,"60":0,"61":0,"62":0,"63":0,"64":0,"65":0},"f":{"0":0,"1":0,"2":0,"3":0,"4":0,"5":0,"6":0,"7":0,"8":0,"9":0,"10":0,"11":0,"12":0,"13":0},"b":{"0":[0,0],"1":[0,0],"2":[0,0],"3":[0,0],"4":[0,0],"5":[0,0],"6":[0,0],"7":[0,0],"8":[0,0],"9":[0,0],"10":[0,0],"11":[0,0]}}
,"/home/runner/workspace/bloom-mobile/src/hooks/useNotifications.ts": {"path":"/home/runner/workspace/bloom-mobile/src/hooks/useNotifications.ts","statementMap":{"0":{"start":{"line":25,"column":19},"end":{"line":25,"column":28}},"1":{"start":{"line":26,"column":44},"end":{"line":26,"column":72}},"2":{"start":{"line":27,"column":32},"end":{"line":27,"column":46}},"3":{"start":{"line":28,"column":28},"end":{"line":28,"column":57}},"4":{"start":{"line":31,"column":28},"end":{"line":43,"column":12}},"5":{"start":{"line":32,"column":4},"end":{"line":32,"column":22}},"6":{"start":{"line":32,"column":15},"end":{"line":32,"column":22}},"7":{"start":{"line":34,"column":4},"end":{"line":42,"column":5}},"8":{"start":{"line":35,"column":6},"end":{"line":35,"column":23}},"9":{"start":{"line":36,"column":19},"end":{"line":36,"column":50}},"10":{"start":{"line":37,"column":6},"end":{"line":37,"column":29}},"11":{"start":{"line":39,"column":6},"end":{"line":39,"column":84}},"12":{"start":{"line":41,"column":6},"end":{"line":41,"column":24}},"13":{"start":{"line":46,"column":2},"end":{"line":69,"column":13}},"14":{"start":{"line":47,"column":4},"end":{"line":47,"column":22}},"15":{"start":{"line":47,"column":15},"end":{"line":47,"column":22}},"16":{"start":{"line":49,"column":20},"end":{"line":49,"column":24}},"17":{"start":{"line":51,"column":27},"end":{"line":62,"column":5}},"18":{"start":{"line":52,"column":6},"end":{"line":61,"column":7}},"19":{"start":{"line":53,"column":22},"end":{"line":53,"column":58}},"20":{"start":{"line":54,"column":8},"end":{"line":56,"column":9}},"21":{"start":{"line":55,"column":10},"end":{"line":55,"column":46}},"22":{"start":{"line":58,"column":8},"end":{"line":60,"column":9}},"23":{"start":{"line":59,"column":10},"end":{"line":59,"column":96}},"24":{"start":{"line":64,"column":4},"end":{"line":64,"column":21}},"25":{"start":{"line":66,"column":4},"end":{"line":68,"column":6}},"26":{"start":{"line":67,"column":6},"end":{"line":67,"column":24}},"27":{"start":{"line":72,"column":2},"end":{"line":112,"column":32}},"28":{"start":{"line":73,"column":4},"end":{"line":73,"column":22}},"29":{"start":{"line":73,"column":15},"end":{"line":73,"column":22}},"30":{"start":{"line":75,"column":30},"end":{"line":79,"column":5}},"31":{"start":{"line":77,"column":8},"end":{"line":77,"column":34}},"32":{"start":{"line":81,"column":32},"end":{"line":85,"column":5}},"33":{"start":{"line":83,"column":8},"end":{"line":83,"column":34}},"34":{"start":{"line":87,"column":33},"end":{"line":91,"column":5}},"35":{"start":{"line":89,"column":8},"end":{"line":89,"column":34}},"36":{"start":{"line":94,"column":33},"end":{"line":101,"column":5}},"37":{"start":{"line":96,"column":31},"end":{"line":96,"column":89}},"38":{"start":{"line":97,"column":8},"end":{"line":99,"column":9}},"39":{"start":{"line":98,"column":10},"end":{"line":98,"column":43}},"40":{"start":{"line":104,"column":4},"end":{"line":104,"column":24}},"41":{"start":{"line":106,"column":4},"end":{"line":111,"column":6}},"42":{"start":{"line":107,"column":6},"end":{"line":107,"column":33}},"43":{"start":{"line":108,"column":6},"end":{"line":108,"column":35}},"44":{"start":{"line":109,"column":6},"end":{"line":109,"column":36}},"45":{"start":{"line":110,"column":6},"end":{"line":110,"column":36}},"46":{"start":{"line":114,"column":21},"end":{"line":127,"column":8}},"47":{"start":{"line":115,"column":4},"end":{"line":126,"column":5}},"48":{"start":{"line":116,"column":6},"end":{"line":116,"column":51}},"49":{"start":{"line":117,"column":6},"end":{"line":123,"column":8}},"50":{"start":{"line":118,"column":8},"end":{"line":122,"column":9}},"51":{"start":{"line":119,"column":10},"end":{"line":121,"column":26}},"52":{"start":{"line":125,"column":6},"end":{"line":125,"column":91}},"53":{"start":{"line":129,"column":22},"end":{"line":129,"column":65}},"54":{"start":{"line":129,"column":50},"end":{"line":129,"column":57}},"55":{"start":{"line":131,"column":2},"end":{"line":138,"column":4}}},"fnMap":{"0":{"name":"useNotifications","decl":{"start":{"line":24,"column":16},"end":{"line":24,"column":32}},"loc":{"start":{"line":24,"column":59},"end":{"line":139,"column":1}},"line":24},"1":{"name":"(anonymous_1)","decl":{"start":{"line":31,"column":40},"end":{"line":31,"column":41}},"loc":{"start":{"line":31,"column":52},"end":{"line":43,"column":3}},"line":31},"2":{"name":"(anonymous_2)","decl":{"start":{"line":46,"column":12},"end":{"line":46,"column":13}},"loc":{"start":{"line":46,"column":18},"end":{"line":69,"column":3}},"line":46},"3":{"name":"(anonymous_3)","decl":{"start":{"line":51,"column":27},"end":{"line":51,"column":28}},"loc":{"start":{"line":51,"column":39},"end":{"line":62,"column":5}},"line":51},"4":{"name":"(anonymous_4)","decl":{"start":{"line":66,"column":11},"end":{"line":66,"column":12}},"loc":{"start":{"line":66,"column":17},"end":{"line":68,"column":5}},"line":66},"5":{"name":"(anonymous_5)","decl":{"start":{"line":72,"column":12},"end":{"line":72,"column":13}},"loc":{"start":{"line":72,"column":18},"end":{"line":112,"column":3}},"line":72},"6":{"name":"(anonymous_6)","decl":{"start":{"line":76,"column":6},"end":{"line":76,"column":7}},"loc":{"start":{"line":76,"column":30},"end":{"line":78,"column":7}},"line":76},"7":{"name":"(anonymous_7)","decl":{"start":{"line":82,"column":6},"end":{"line":82,"column":7}},"loc":{"start":{"line":82,"column":30},"end":{"line":84,"column":7}},"line":82},"8":{"name":"(anonymous_8)","decl":{"start":{"line":88,"column":6},"end":{"line":88,"column":7}},"loc":{"start":{"line":88,"column":30},"end":{"line":90,"column":7}},"line":88},"9":{"name":"(anonymous_9)","decl":{"start":{"line":95,"column":6},"end":{"line":95,"column":7}},"loc":{"start":{"line":95,"column":26},"end":{"line":100,"column":7}},"line":95},"10":{"name":"(anonymous_10)","decl":{"start":{"line":106,"column":11},"end":{"line":106,"column":12}},"loc":{"start":{"line":106,"column":17},"end":{"line":111,"column":5}},"line":106},"11":{"name":"(anonymous_11)","decl":{"start":{"line":114,"column":33},"end":{"line":114,"column":34}},"loc":{"start":{"line":114,"column":67},"end":{"line":127,"column":3}},"line":114},"12":{"name":"(anonymous_12)","decl":{"start":{"line":117,"column":23},"end":{"line":117,"column":24}},"loc":{"start":{"line":118,"column":8},"end":{"line":122,"column":9}},"line":118},"13":{"name":"(anonymous_13)","decl":{"start":{"line":118,"column":17},"end":{"line":118,"column":18}},"loc":{"start":{"line":119,"column":10},"end":{"line":121,"column":26}},"line":119},"14":{"name":"(anonymous_14)","decl":{"start":{"line":129,"column":43},"end":{"line":129,"column":44}},"loc":{"start":{"line":129,"column":50},"end":{"line":129,"column":57}},"line":129}},"branchMap":{"0":{"loc":{"start":{"line":32,"column":4},"end":{"line":32,"column":22}},"type":"if","locations":[{"start":{"line":32,"column":4},"end":{"line":32,"column":22}},{"start":{},"end":{}}],"line":32},"1":{"loc":{"start":{"line":39,"column":15},"end":{"line":39,"column":82}},"type":"cond-expr","locations":[{"start":{"line":39,"column":38},"end":{"line":39,"column":49}},{"start":{"line":39,"column":52},"end":{"line":39,"column":82}}],"line":39},"2":{"loc":{"start":{"line":47,"column":4},"end":{"line":47,"column":22}},"type":"if","locations":[{"start":{"line":47,"column":4},"end":{"line":47,"column":22}},{"start":{},"end":{}}],"line":47},"3":{"loc":{"start":{"line":54,"column":8},"end":{"line":56,"column":9}},"type":"if","locations":[{"start":{"line":54,"column":8},"end":{"line":56,"column":9}},{"start":{},"end":{}}],"line":54},"4":{"loc":{"start":{"line":54,"column":12},"end":{"line":54,"column":30}},"type":"binary-expr","locations":[{"start":{"line":54,"column":12},"end":{"line":54,"column":17}},{"start":{"line":54,"column":21},"end":{"line":54,"column":30}}],"line":54},"5":{"loc":{"start":{"line":58,"column":8},"end":{"line":60,"column":9}},"type":"if","locations":[{"start":{"line":58,"column":8},"end":{"line":60,"column":9}},{"start":{},"end":{}}],"line":58},"6":{"loc":{"start":{"line":59,"column":19},"end":{"line":59,"column":94}},"type":"cond-expr","locations":[{"start":{"line":59,"column":42},"end":{"line":59,"column":53}},{"start":{"line":59,"column":56},"end":{"line":59,"column":94}}],"line":59},"7":{"loc":{"start":{"line":73,"column":4},"end":{"line":73,"column":22}},"type":"if","locations":[{"start":{"line":73,"column":4},"end":{"line":73,"column":22}},{"start":{},"end":{}}],"line":73},"8":{"loc":{"start":{"line":97,"column":8},"end":{"line":99,"column":9}},"type":"if","locations":[{"start":{"line":97,"column":8},"end":{"line":99,"column":9}},{"start":{},"end":{}}],"line":97},"9":{"loc":{"start":{"line":119,"column":10},"end":{"line":121,"column":26}},"type":"cond-expr","locations":[{"start":{"line":120,"column":14},"end":{"line":120,"column":45}},{"start":{"line":121,"column":14},"end":{"line":121,"column":26}}],"line":119},"10":{"loc":{"start":{"line":125,"column":15},"end":{"line":125,"column":89}},"type":"cond-expr","locations":[{"start":{"line":125,"column":38},"end":{"line":125,"column":49}},{"start":{"line":125,"column":52},"end":{"line":125,"column":89}}],"line":125}},"s":{"0":0,"1":0,"2":0,"3":0,"4":0,"5":0,"6":0,"7":0,"8":0,"9":0,"10":0,"11":0,"12":0,"13":0,"14":0,"15":0,"16":0,"17":0,"18":0,"19":0,"20":0,"21":0,"22":0,"23":0,"24":0,"25":0,"26":0,"27":0,"28":0,"29":0,"30":0,"31":0,"32":0,"33":0,"34":0,"35":0,"36":0,"37":0,"38":0,"39":0,"40":0,"41":0,"42":0,"43":0,"44":0,"45":0,"46":0,"47":0,"48":0,"49":0,"50":0,"51":0,"52":0,"53":0,"54":0,"55":0},"f":{"0":0,"1":0,"2":0,"3":0,"4":0,"5":0,"6":0,"7":0,"8":0,"9":0,"10":0,"11":0,"12":0,"13":0,"14":0},"b":{"0":[0,0],"1":[0,0],"2":[0,0],"3":[0,0],"4":[0,0],"5":[0,0],"6":[0,0],"7":[0,0],"8":[0,0],"9":[0,0],"10":[0,0]}}
,"/home/runner/workspace/bloom-mobile/src/hooks/useProfile.ts": {"path":"/home/runner/workspace/bloom-mobile/src/hooks/useProfile.ts","statementMap":{"0":{"start":{"line":25,"column":32},"end":{"line":25,"column":62}},"1":{"start":{"line":26,"column":32},"end":{"line":26,"column":46}},"2":{"start":{"line":27,"column":28},"end":{"line":27,"column":57}},"3":{"start":{"line":30,"column":22},"end":{"line":41,"column":14}},"4":{"start":{"line":31,"column":4},"end":{"line":40,"column":5}},"5":{"start":{"line":32,"column":6},"end":{"line":32,"column":23}},"6":{"start":{"line":37,"column":6},"end":{"line":37,"column":78}},"7":{"start":{"line":39,"column":6},"end":{"line":39,"column":24}},"8":{"start":{"line":44,"column":22},"end":{"line":86,"column":23}},"9":{"start":{"line":45,"column":4},"end":{"line":85,"column":5}},"10":{"start":{"line":47,"column":31},"end":{"line":47,"column":86}},"11":{"start":{"line":48,"column":6},"end":{"line":50,"column":7}},"12":{"start":{"line":49,"column":8},"end":{"line":49,"column":71}},"13":{"start":{"line":53,"column":21},"end":{"line":58,"column":8}},"14":{"start":{"line":60,"column":6},"end":{"line":82,"column":7}},"15":{"start":{"line":61,"column":25},"end":{"line":61,"column":45}},"16":{"start":{"line":84,"column":6},"end":{"line":84,"column":78}},"17":{"start":{"line":89,"column":27},"end":{"line":114,"column":14}},"18":{"start":{"line":95,"column":4},"end":{"line":113,"column":5}},"19":{"start":{"line":96,"column":25},"end":{"line":96,"column":61}},"20":{"start":{"line":112,"column":6},"end":{"line":112,"column":84}},"21":{"start":{"line":117,"column":34},"end":{"line":134,"column":14}},"22":{"start":{"line":122,"column":4},"end":{"line":133,"column":5}},"23":{"start":{"line":132,"column":6},"end":{"line":132,"column":91}},"24":{"start":{"line":136,"column":2},"end":{"line":143,"column":4}}},"fnMap":{"0":{"name":"useProfile","decl":{"start":{"line":24,"column":16},"end":{"line":24,"column":26}},"loc":{"start":{"line":24,"column":61},"end":{"line":144,"column":1}},"line":24},"1":{"name":"(anonymous_1)","decl":{"start":{"line":30,"column":34},"end":{"line":30,"column":35}},"loc":{"start":{"line":30,"column":46},"end":{"line":41,"column":3}},"line":30},"2":{"name":"(anonymous_2)","decl":{"start":{"line":44,"column":34},"end":{"line":44,"column":35}},"loc":{"start":{"line":44,"column":46},"end":{"line":86,"column":3}},"line":44},"3":{"name":"(anonymous_3)","decl":{"start":{"line":89,"column":39},"end":{"line":89,"column":40}},"loc":{"start":{"line":94,"column":8},"end":{"line":114,"column":3}},"line":94},"4":{"name":"(anonymous_4)","decl":{"start":{"li
[...]
:8},"end":{"line":70,"column":61}},"31":{"start":{"line":71,"column":8},"end":{"line":71,"column":60}},"32":{"start":{"line":72,"column":8},"end":{"line":72,"column":59}},"33":{"start":{"line":76,"column":4},"end":{"line":83,"column":7}},"34":{"start":{"line":77,"column":22},"end":{"line":77,"column":89}},"35":{"start":{"line":78,"column":22},"end":{"line":78,"column":89}},"36":{"start":{"line":79,"column":6},"end":{"line":79,"column":60}},"37":{"start":{"line":80,"column":6},"end":{"line":80,"column":86}},"38":{"start":{"line":81,"column":6},"end":{"line":81,"column":100}},"39":{"start":{"line":82,"column":6},"end":{"line":82,"column":116}},"40":{"start":{"line":85,"column":4},"end":{"line":114,"column":7}},"41":{"start":{"line":86,"column":6},"end":{"line":99,"column":9}},"42":{"start":{"line":87,"column":40},"end":{"line":90,"column":9}},"43":{"start":{"line":91,"column":40},"end":{"line":94,"column":9}},"44":{"start":{"line":96,"column":23},"end":{"line":96,"column":73}},"45":{"start":{"line":97,"column":8},"end":{"line":97,"column":49}},"46":{"start":{"line":98,"column":8},"end":{"line":98,"column":77}},"47":{"start":{"line":101,"column":6},"end":{"line":113,"column":9}},"48":{"start":{"line":102,"column":40},"end":{"line":102,"column":57}},"49":{"start":{"line":103,"column":38},"end":{"line":108,"column":9}},"50":{"start":{"line":110,"column":23},"end":{"line":110,"column":71}},"51":{"start":{"line":111,"column":8},"end":{"line":111,"column":49}},"52":{"start":{"line":112,"column":8},"end":{"line":112,"column":77}},"53":{"start":{"line":116,"column":4},"end":{"line":130,"column":7}},"54":{"start":{"line":117,"column":6},"end":{"line":123,"column":9}},"55":{"start":{"line":118,"column":23},"end":{"line":118,"column":85}},"56":{"start":{"line":119,"column":8},"end":{"line":119,"column":69}},"57":{"start":{"line":120,"column":8},"end":{"line":120,"column":75}},"58":{"start":{"line":121,"column":8},"end":{"line":121,"column":76}},"59":{"start":{"line":122,"column":8},"end":{"line":122,"column":89}},"60":{"start":{"line":125,"column":6},"end":{"line":129,"column":9}},"61":{"start":{"line":126,"column":23},"end":{"line":126,"column":85}},"62":{"start":{"line":127,"column":8},"end":{"line":127,"column":68}},"63":{"start":{"line":128,"column":8},"end":{"line":128,"column":62}}},"fnMap":{"0":{"name":"createTestBirthData","decl":{"start":{"line":5,"column":9},"end":{"line":5,"column":28}},"loc":{"start":{"line":5,"column":82},"end":{"line":13,"column":1}},"line":5},"1":{"name":"(anonymous_1)","decl":{"start":{"line":31,"column":39},"end":{"line":31,"column":40}},"loc":{"start":{"line":31,"column":45},"end":{"line":132,"column":1}},"line":31},"2":{"name":"(anonymous_2)","decl":{"start":{"line":32,"column":37},"end":{"line":32,"column":38}},"loc":{"start":{"line":32,"column":43},"end":{"line":131,"column":3}},"line":32},"3":{"name":"(anonymous_3)","decl":{"start":{"line":33,"column":72},"end":{"line":33,"column":73}},"loc":{"start":{"line":33,"column":78},"end":{"line":38,"column":5}},"line":33},"4":{"name":"(anonymous_4)","decl":{"start":{"line":40,"column":71},"end":{"line":40,"column":72}},"loc":{"start":{"line":40,"column":77},"end":{"line":43,"column":5}},"line":40},"5":{"name":"(anonymous_5)","decl":{"start":{"line":45,"column":68},"end":{"line":45,"column":69}},"loc":{"start":{"line":45,"column":74},"end":{"line":49,"column":5}},"line":45},"6":{"name":"(anonymous_6)","decl":{"start":{"line":51,"column":72},"end":{"line":51,"column":73}},"loc":{"start":{"line":51,"column":78},"end":{"line":55,"column":5}},"line":51},"7":{"name":"(anonymous_7)","decl":{"start":{"line":57,"column":61},"end":{"line":57,"column":62}},"loc":{"start":{"line":57,"column":67},"end":{"line":63,"column":5}},"line":57},"8":{"name":"(anonymous_8)","decl":{"start":{"line":65,"column":48},"end":{"line":65,"column":49}},"loc":{"start":{"line":65,"column":54},"end":{"line":74,"column":5}},"line":65},"9":{"name":"(anonymous_9)","decl":{"start":{"line":68,"column":20},"end":{"line":68,"column":21}},"loc":{"start":{"line":68,"column":28},"end":{"line":73,"column":7}},"line":68},"10":{"name":"(anonymous_10)","decl":{"start":{"line":76,"column":58},"end":{"line":76,"column":59}},"loc":{"start":{"line":76,"column":64},"end":{"line":83,"column":5}},"line":76},"11":{"name":"(anonymous_11)","decl":{"start":{"line":85,"column":48},"end":{"line":85,"column":49}},"loc":{"start":{"line":85,"column":54},"end":{"line":114,"column":5}},"line":85},"12":{"name":"(anonymous_12)","decl":{"start":{"line":86,"column":48},"end":{"line":86,"column":49}},"loc":{"start":{"line":86,"column":54},"end":{"line":99,"column":7}},"line":86},"13":{"name":"(anonymous_13)","decl":{"start":{"line":101,"column":46},"end":{"line":101,"column":47}},"loc":{"start":{"line":101,"column":52},"end":{"line":113,"column":7}},"line":101},"14":{"name":"(anonymous_14)","decl":{"start":{"line":116,"column":37},"end":{"line":116,"column":38}},"loc":{"start":{"line":116,"column":43},"end":{"line":130,"column":5}},"line":116},"15":{"name":"(anonymous_15)","decl":{"start":{"line":117,"column":66},"end":{"line":117,"column":67}},"loc":{"start":{"line":117,"column":72},"end":{"line":123,"column":7}},"line":117},"16":{"name":"(anonymous_16)","decl":{"start":{"line":125,"column":42},"end":{"line":125,"column":43}},"loc":{"start":{"line":125,"column":48},"end":{"line":129,"column":7}},"line":125}},"branchMap":{},"s":{"0":0,"1":0,"2":0,"3":0,"4":0,"5":0,"6":0,"7":0,"8":0,"9":0,"10":0,"11":0,"12":0,"13":0,"14":0,"15":0,"16":0,"17":0,"18":0,"19":0,"20":0,"21":0,"22":0,"23":0,"24":0,"25":0,"26":0,"27":0,"28":0,"29":0,"30":0,"31":0,"32":0,"33":0,"34":0,"35":0,"36":0,"37":0,"38":0,"39":0,"40":0,"41":0,"42":0,"43":0,"44":0,"45":0,"46":0,"47":0,"48":0,"49":0,"50":0,"51":0,"52":0,"53":0,"54":0,"55":0,"56":0,"57":0,"58":0,"59":0,"60":0,"61":0,"62":0,"63":0},"f":{"0":0,"1":0,"2":0,"3":0,"4":0,"5":0,"6":0,"7":0,"8":0,"9":0,"10":0,"11":0,"12":0,"13":0,"14":0,"15":0,"16":0},"b":{}}
,"/home/runner/workspace/bloom-mobile/src/test/setup-matchers.js": {"path":"/home/runner/workspace/bloom-mobile/src/test/setup-matchers.js","statementMap":{"0":{"start":{"line":1,"column":19},"end":{"line":1,"column":43}},"1":{"start":{"line":2,"column":16},"end":{"line":2,"column":52}},"2":{"start":{"line":3,"column":19},"end":{"line":3,"column":58}},"3":{"start":{"line":5,"column":0},"end":{"line":5,"column":23}},"4":{"start":{"line":6,"column":0},"end":{"line":6,"column":23}},"5":{"start":{"line":7,"column":0},"end":{"line":7,"column":26}}},"fnMap":{},"branchMap":{},"s":{"0":0,"1":0,"2":0,"3":0,"4":0,"5":0},"f":{},"b":{}}
,"/home/runner/workspace/bloom-mobile/src/test/testSupabase.test.ts": {"path":"/home/runner/workspace/bloom-mobile/src/test/testSupabase.test.ts","statementMap":{"0":{"start":{"line":3,"column":0},"end":{"line":73,"column":3}},"1":{"start":{"line":4,"column":2},"end":{"line":72,"column":5}},"2":{"start":{"line":5,"column":19},"end":{"line":5,"column":49}},"3":{"start":{"line":6,"column":4},"end":{"line":6,"column":60}},"4":{"start":{"line":9,"column":4},"end":{"line":9,"column":40}},"5":{"start":{"line":11,"column":4},"end":{"line":71,"column":5}},"6":{"start":{"line":12,"column":6},"end":{"line":70,"column":3}}},"fnMap":{"0":{"name":"(anonymous_0)","decl":{"start":{"line":3,"column":38},"end":{"line":3,"column":39}},"loc":{"start":{"line":3,"column":44},"end":{"line":73,"column":1}},"line":3},"1":{"name":"(anonymous_1)","decl":{"start":{"line":4,"column":61},"end":{"line":4,"column":62}},"loc":{"start":{"line":4,"column":73},"end":{"line":72,"column":3}},"line":4}},"branchMap":{"0":{"loc":{"start":{"line":11,"column":4},"end":{"line":71,"column":5}},"type":"if","locations":[{"start":{"line":11,"column":4},"end":{"line":71,"column":5}},{"start":{},"end":{}}],"line":11}},"s":{"0":0,"1":0,"2":0,"3":0,"4":0,"5":0,"6":0},"f":{"0":0,"1":0},"b":{"0":[0,0]}}
,"/home/runner/workspace/bloom-mobile/src/theme/ThemeProvider.tsx": {"path":"/home/runner/workspace/bloom-mobile/src/theme/ThemeProvider.tsx","statementMap":{"0":{"start":{"line":12,"column":21},"end":{"line":15,"column":2}},"1":{"start":{"line":17,"column":24},"end":{"line":24,"column":1}},"2":{"start":{"line":18,"column":18},"end":{"line":18,"column":42}},"3":{"start":{"line":19,"column":16},"end":{"line":19,"column":33}},"4":{"start":{"line":20,"column":2},"end":{"line":23,"column":4}},"5":{"start":{"line":27,"column":28},"end":{"line":27,"column":44}},"6":{"start":{"line":28,"column":40},"end":{"line":28,"column":53}},"7":{"start":{"line":30,"column":17},"end":{"line":31,"column":71}},"8":{"start":{"line":33,"column":23},"end":{"line":35,"column":3}},"9":{"start":{"line":34,"column":4},"end":{"line":34,"column":32}},"10":{"start":{"line":37,"column":35},"end":{"line":40,"column":3}},"11":{"start":{"line":43,"column":20},"end":{"line":46,"column":13}},"12":{"start":{"line":48,"column":2},"end":{"line":54,"column":4}}},"fnMap":{"0":{"name":"(anonymous_0)","decl":{"start":{"line":14,"column":16},"end":{"line":14,"column":17}},"loc":{"start":{"line":14,"column":28},"end":{"line":14,"column":30}},"line":14},"1":{"name":"(anonymous_1)","decl":{"start":{"line":17,"column":24},"end":{"line":17,"column":25}},"loc":{"start":{"line":17,"column":30},"end":{"line":24,"column":1}},"line":17},"2":{"name":"ThemeProvider","decl":{"start":{"line":26,"column":16},"end":{"line":26,"column":29}},"loc":{"start":{"line":26,"column":75},"end":{"line":55,"column":1}},"line":26},"3":{"name":"(anonymous_3)","decl":{"start":{"line":33,"column":23},"end":{"line":33,"column":24}},"loc":{"start":{"line":33,"column":50},"end":{"line":35,"column":3}},"line":33}},"branchMap":{"0":{"loc":{"start":{"line":30,"column":17},"end":{"line":31,"column":71}},"type":"binary-expr","locations":[{"start":{"line":30,"column":17},"end":{"line":30,"column":48}},{"start":{"line":31,"column":5},"end":{"line":31,"column":38}},{"start":{"line":31,"column":42},"end":{"line":31,"column":70}}],"line":30},"1":{"loc":{"start":{"line":43,"column":20},"end":{"line":46,"column":13}},"type":"cond-expr","locations":[{"start":{"line":45,"column":6},"end":{"line":45,"column":12}},{"start":{"line":46,"column":6},"end":{"line":46,"column":13}}],"line":43},"2":{"loc":{"start":{"line":43,"column":20},"end":{"line":44,"column":71}},"type":"binary-expr","locations":[{"start":{"line":43,"column":20},"end":{"line":43,"column":51}},{"start":{"line":44,"column":5},"end":{"line":44,"column":38}},{"start":{"line":44,"column":42},"end":{"line":44,"column":70}}],"line":43}},"s":{"0":0,"1":0,"2":0,"3":0,"4":0,"5":0,"6":0,"7":0,"8":0,"9":0,"10":0,"11":0,"12":0},"f":{"0":0,"1":0,"2":0,"3":0},"b":{"0":[0,0,0],"1":[0,0],"2":[0,0,0]}}
,"/home/runner/workspace/bloom-mobile/src/types/compatibility.ts": {"path":"/home/runner/workspace/bloom-mobile/src/types/compatibility.ts","statementMap":{"0":{"start":{"line":32,"column":5},"end":{"line":45,"column":1}}},"fnMap":{},"branchMap":{},"s":{"0":0},"f":{},"b":{}}
,"/home/runner/workspace/bloom-mobile/src/types/database.ts": {"path":"/home/runner/workspace/bloom-mobile/src/types/database.ts","statementMap":{},"fnMap":{},"branchMap":{},"s":{},"f":{},"b":{}}
,"/home/runner/workspace/bloom-mobile/src/types/navigation.ts": {"path":"/home/runner/workspace/bloom-mobile/src/types/navigation.ts","statementMap":{},"fnMap":{},"branchMap":{},"s":{},"f":{},"b":{}}
,"/home/runner/workspace/bloom-mobile/src/utils/deviceId.ts": {"path":"/home/runner/workspace/bloom-mobile/src/utils/deviceId.ts","statementMap":{"0":{"start":{"line":4,"column":22},"end":{"line":4,"column":40}},"1":{"start":{"line":7,"column":17},"end":{"line":7,"column":58}},"2":{"start":{"line":9,"column":2},"end":{"line":13,"column":3}},"3":{"start":{"line":11,"column":4},"end":{"line":11,"column":85}},"4":{"start":{"line":12,"column":4},"end":{"line":12,"column":56}},"5":{"start":{"line":15,"column":2},"end":{"line":15,"column":18}}},"fnMap":{"0":{"name":"getDeviceId","decl":{"start":{"line":6,"column":22},"end":{"line":6,"column":33}},"loc":{"start":{"line":6,"column":53},"end":{"line":16,"column":1}},"line":6}},"branchMap":{"0":{"loc":{"start":{"line":9,"column":2},"end":{"line":13,"column":3}},"type":"if","locations":[{"start":{"line":9,"column":2},"end":{"line":13,"column":3}},{"start":{},"end":{}}],"line":9}},"s":{"0":0,"1":0,"2":0,"3":0,"4":0,"5":0},"f":{"0":0},"b":{"0":[0,0]}}
,"/home/runner/workspace/bloom-mobile/src/utils/errorHandling.ts": {"path":"/home/runner/workspace/bloom-mobile/src/utils/errorHandling.ts","statementMap":{"0":{"start":{"line":6,"column":4},"end":{"line":6,"column":19}},"1":{"start":{"line":7,"column":4},"end":{"line":7,"column":27}},"2":{"start":{"line":8,"column":4},"end":{"line":8,"column":21}},"3":{"start":{"line":9,"column":4},"end":{"line":9,"column":39}},"4":{"start":{"line":13,"column":26},"end":{"line":20,"column":10}},"5":{"start":{"line":26,"column":43},"end":{"line":26,"column":45}},"6":{"start":{"line":27,"column":84},"end":{"line":27,"column":86}},"7":{"start":{"line":28,"column":25},"end":{"line":28,"column":62}},"8":{"start":{"line":31,"column":4},"end":{"line":31,"column":38}},"9":{"start":{"line":35,"column":4},"end":{"line":35,"column":52}},"10":{"start":{"line":40,"column":4},"end":{"line":42,"column":5}},"11":{"start":{"line":41,"column":6},"end":{"line":41,"column":52}},"12":{"start":{"line":45,"column":4},"end":{"line":52,"column":5}},"13":{"start":{"line":47,"column":6},"end":{"line":51,"column":9}},"14":{"start":{"line":55,"column":18},"end":{"line":55,"column":23}},"15":{"start":{"line":56,"column":4},"end":{"line":61,"column":5}},"16":{"start":{"line":57,"column":6},"end":{"line":60,"column":7}},"17":{"start":{"line":58,"column":8},"end":{"line":58,"column":23}},"18":{"start":{"line":59,"column":8},"end":{"line":59,"column":23}},"19":{"start":{"line":64,"column":4},"end":{"line":66,"column":5}},"20":{"start":{"line":65,"column":6},"end":{"line":65,"column":61}},"21":{"start":{"line":65,"column":45},"end":{"line":65,"column":59}},"22":{"start":{"line":68,"column":4},"end":{"line":72,"column":6}},"23":{"start":{"line":79,"column":4},"end":{"line":85,"column":12}},"24":{"start":{"line":80,"column":6},"end":{"line":84,"column":7}},"25":{"start":{"line":81,"column":8},"end":{"line":81,"column":33}},"26":{"start":{"line":83,"column":8},"end":{"line":83,"column":99}},"27":{"start":{"line":89,"column":4},"end":{"line":94,"column":6}},"28":{"start":{"line":98,"column":4},"end":{"line":103,"column":6}},"29":{"start":{"line":107,"column":28},"end":{"line":107,"column":54}},"30":{"start":{"line":110,"column":33},"end":{"line":115,"column":1}},"31":{"start":{"line":114,"column":2},"end":{"line":114,"column":54}}},"fnMap":{"0":{"name":"(anonymous_0)","decl":{"start":{"line":5,"column":2},"end":{"line":5,"column":3}},"loc":{"start":{"line":5,"column":68},"end":{"line":10,"column":3}},"line":5},"1":{"name":"(anonymous_1)","decl":{"start":{"line":30,"column":2},"end":{"line":30,"column":3}},"loc":{"start":{"line":30,"column":54},"end":{"line":32,"column":3}},"line":30},"2":{"name":"(anonymous_2)","decl":{"start":{"line":34,"column":2},"end":{"line":34,"column":3}},"loc":{"start":{"line":34,"column":77},"end":{"line":36,"column":3}},"line":34},"3":{"name":"(anonymous_3)","decl":{"start":{"line":38,"column":2},"end":{"line":38,"column":3}},"loc":{"start":{"line":38,"column":64},"end":{"line":73,"column":3}},"line":38},"4":{"name":"(anonymous_4)","decl":{"start":{"line":65,"column":34},"end":{"line":65,"column":35}},"loc":{"start":{"line":65,"column":45},"end":{"line":65,"column":59}},"line":65},"5":{"name":"(anonymous_5)","decl":{"start":{"line":75,"column":2},"end":{"line":75,"column":3}},"loc":{"start":{"line":78,"column":7},"end":{"line":86,"column":3}},"line":78},"6":{"name":"(anonymous_6)","decl":{"start":{"line":79,"column":12},"end":{"line":79,"column":13}},"loc":{"start":{"line":79,"column":46},"end":{"line":85,"column":5}},"line":79},"7":{"name":"(anonymous_7)","decl":{"start":{"line":88,"column":2},"end":{"line":88,"column":3}},"loc":{"start":{"line":88,"column":47},"end":{"line":95,"column":3}},"line":88},"8":{"name":"(anonymous_8)","decl":{"start":{"line":97,"column":2},"end":{"line":97,"column":3}},"loc":{"start":{"line":97,"column":54},"end":{"line":104,"column":3}},"line":97},"9":{"name":"(anonymous_9)","decl":{"start":{"line":110,"column":33},"end":{"line":110,"column":34}},"loc":{"start":{"line":113,"column":8},"end":{"line":115,"column":1}},"line":113}},"branchMap":{"0":{"loc":{"start":{"line":40,"column":4},"end":{"line":42,"column":5}},"type":"if","locations":[{"start":{"line":40,"column":4},"end":{"line":42,"column":5}},{"start":{},"end":{}}],"line":40},"1":{"loc":{"start":{"line":41,"column":24},"end":{"line":41,"column":40}},"type":"binary-expr","locations":[{"start":{"line":41,"column":24},"end":{"line":41,"column":31}},{"start":{"line":41,"column":35},"end":{"line":41,"column":40}}],"line":41},"2":{"loc":{"start":{"line":45,"column":4},"end":{"line":52,"column":5}},"type":"if","locations":[{"start":{"line":45,"column":4},"end":{"line":52,"column":5}},{"start":{},"end":{}}],"line":45},"3":{"loc":{"start":{"line":47,"column":24},"end":{"line":47,"column":40}},"type":"binary-expr","locations":[{"start":{"line":47,"column":24},"end":{"line":47,"column":31}},{"start":{"line":47,"column":35},"end":{"line":47,"column":40}}],"line":47},"4":{"loc":{"start":{"line":49,"column":14},"end":{"line":49,"column":64}},"type":"cond-expr","locations":[{"start":{"line":49,"column":42},"end":{"line":49,"column":52}},{"start":{"line":49,"column":55},"end":{"line":49,"column":64}}],"line":49},"5":{"loc":{"start":{"line":50,"column":23},"end":{"line":50,"column":82}},"type":"cond-expr","locations":[{"start":{"line":50,"column":51},"end":{"line":50,"column":70}},{"start":{"line":50,"column":73},"end":{"line":50,"column":82}}],"line":50},"6":{"loc":{"start":{"line":57,"column":6},"end":{"line":60,"column":7}},"type":"if","locations":[{"start":{"line":57,"column":6},"end":{"line":60,"column":7}},{"start":{},"end":{}}],"line":57},"7":{"loc":{"start":{"line":64,"column":4},"end":{"line":66,"column":5}},"type":"if","locations":[{"start":{"line":64,"column":4},"end":{"line":66,"column":5}},{"start":{},"end":{}}],"line":64},"8":{"loc":{"start":{"line":68,"column":11},"end":{"line":72,"column":5}},"type":"cond-expr","locations":[{"start":{"line":68,"column":39},"end":{"line":68,"column":44}},{"start":{"line":68,"column":47},"end":{"line":72,"column":5}}],"line":68},"9":{"loc":{"start":{"line":83,"column":31},"end":{"line":83,"column":88}},"type":"cond-expr","locations":[{"start":{"line":83,"column":56},"end":{"line":83,"column":61}},{"start":{"line":83,"column":64},"end":{"line":83,"column":88}}],"line":83},"10":{"loc":{"start":{"line":90,"column":6},"end":{"line":93,"column":54}},"type":"binary-expr","locations":[{"start":{"line":90,"column":6},"end":{"line":90,"column":39}},{"start":{"line":91,"column":6},"end":{"line":91,"column":45}},{"start":{"line":92,"column":6},"end":{"line":92,"column":47}},{"start":{"line":93,"column":6},"end":{"line":93,"column":54}}],"line":90},"11":{"loc":{"start":{"line":99,"column":6},"end":{"line":102,"column":49}},"type":"binary-expr","locations":[{"start":{"line":99,"column":6},"end":{"line":99,"column":31}},{"start":{"line":99,"column":35},"end":{"line":99,"column":75}},{"start":{"line":100,"column":6},"end":{"line":100,"column":46}},{"start":{"line":101,"column":6},"end":{"line":101,"column":44}},{"start":{"line":102,"column":6},"end":{"line":102,"column":49}}],"line":99}},"s":{"0":0,"1":0,"2":0,"3":0,"4":0,"5":0,"6":0,"7":0,"8":0,"9":0,"10":0,"11":0,"12":0,"13":0,"14":0,"15":0,"16":0,"17":0,"18":0,"19":0,"20":0,"21":0,"22":0,"23":0,"24":0,"25":0,"26":0,"27":0,"28":0,"29":0,"30":0,"31":0},"f":{"0":0,"1":0,"2":0,"3":0,"4":0,"5":0,"6":0,"7":0,"8":0,"9":0},"b":{"0":[0,0],"1":[0,0],"2":[0,0],"3":[0,0],"4":[0,0],"5":[0,0],"6":[0,0],"7":[0,0],"8":[0,0],"9":[0,0],"10":[0,0,0,0],"11":[0,0,0,0,0]}}
}
