TN:
SF:src/setupTests.ts
FN:20,(anonymous_0)
FN:21,(anonymous_1)
FN:22,(anonymous_2)
FN:23,(anonymous_3)
FN:24,(anonymous_4)
FN:28,(anonymous_5)
FN:30,(anonymous_6)
FN:34,(anonymous_7)
FN:39,(anonymous_8)
FNF:9
FNH:0
FNDA:0,(anonymous_0)
FNDA:0,(anonymous_1)
FNDA:0,(anonymous_2)
FNDA:0,(anonymous_3)
FNDA:0,(anonymous_4)
FNDA:0,(anonymous_5)
FNDA:0,(anonymous_6)
FNDA:0,(anonymous_7)
FNDA:0,(anonymous_8)
DA:20,0
DA:21,0
DA:22,0
DA:23,0
DA:24,0
DA:28,0
DA:30,0
DA:34,0
DA:39,0
DA:45,0
DA:46,0
DA:49,0
DA:56,0
LF:13
LH:0
BRF:0
BRH:0
end_of_record
TN:
SF:src/components/DateWizard.tsx
FN:171,DateWizard
FN:180,(anonymous_1)
FN:226,(anonymous_2)
FN:230,(anonymous_3)
FN:234,(anonymous_4)
FN:243,(anonymous_5)
FN:258,(anonymous_6)
FN:262,(anonymous_7)
FN:266,(anonymous_8)
FN:276,(anonymous_9)
FN:287,(anonymous_10)
FN:303,(anonymous_11)
FN:309,(anonymous_12)
FN:327,(anonymous_13)
FN:342,(anonymous_14)
FNF:15
FNH:0
FNDA:0,DateWizard
FNDA:0,(anonymous_1)
FNDA:0,(anonymous_2)
FNDA:0,(anonymous_3)
FNDA:0,(anonymous_4)
FNDA:0,(anonymous_5)
FNDA:0,(anonymous_6)
FNDA:0,(anonymous_7)
FNDA:0,(anonymous_8)
FNDA:0,(anonymous_9)
FNDA:0,(anonymous_10)
FNDA:0,(anonymous_11)
FNDA:0,(anonymous_12)
FNDA:0,(anonymous_13)
FNDA:0,(anonymous_14)
DA:20,0
DA:26,0
DA:35,0
DA:42,0
DA:48,0
DA:63,0
DA:78,0
DA:85,0
DA:91,0
DA:112,0
DA:126,0
DA:144,0
DA:159,0
DA:166,0
DA:172,0
DA:173,0
DA:174,0
DA:175,0
DA:176,0
DA:177,0
DA:178,0
DA:180,0
DA:181,0
DA:182,0
DA:183,0
DA:186,0
DA:187,0
DA:188,0
DA:191,0
DA:193,0
DA:194,0
DA:201,0
DA:202,0
DA:203,0
DA:204,0
DA:207,0
DA:208,0
DA:211,0
DA:217,0
DA:222,0
DA:226,0
DA:227,0
DA:231,0
DA:234,0
DA:243,0
DA:258,0
DA:259,0
DA:263,0
DA:266,0
DA:276,0
DA:287,0
DA:303,0
DA:304,0
DA:309,0
DA:328,0
DA:329,0
DA:331,0
DA:332,0
DA:342,0
DA:368,0
LF:60
LH:0
BRDA:181,0,0,0
BRDA:181,0,1,0
BRDA:181,1,0,0
BRDA:181,1,1,0
BRDA:186,2,0,0
BRDA:186,2,1,0
BRDA:207,3,0,0
BRDA:207,3,1,0
BRDA:250,4,0,0
BRDA:250,4,1,0
BRDA:293,5,0,0
BRDA:293,5,1,0
BRDA:307,6,0,0
BRDA:307,6,1,0
BRDA:320,7,0,0
BRDA:320,7,1,0
BRDA:320,7,2,0
BRDA:324,8,0,0
BRDA:324,8,1,0
BRDA:328,9,0,0
BRDA:328,9,1,0
BRDA:331,10,0,0
BRDA:331,10,1,0
BRDA:335,11,0,0
BRDA:335,11,1,0
BRDA:362,12,0,0
BRDA:362,12,1,0
BRDA:378,13,0,0
BRDA:378,13,1,0
BRDA:379,14,0,0
BRDA:379,14,1,0
BRDA:380,15,0,0
BRDA:380,15,1,0
BRF:33
BRH:0
end_of_record
TN:
SF:src/components/NatalChart.tsx
FN:116,NatalChart
FN:119,(anonymous_1)
FN:126,(anonymous_2)
FN:136,(anonymous_3)
FN:147,(anonymous_4)
FN:157,(anonymous_5)
FNF:6
FNH:0
FNDA:0,NatalChart
FNDA:0,(anonymous_1)
FNDA:0,(anonymous_2)
FNDA:0,(anonymous_3)
FNDA:0,(anonymous_4)
FNDA:0,(anonymous_5)
DA:27,0
DA:33,0
DA:41,0
DA:56,0
DA:71,0
DA:76,0
DA:82,0
DA:90,0
DA:97,0
DA:104,0
DA:110,0
DA:117,0
DA:119,0
DA:120,0
DA:127,0
DA:136,0
DA:137,0
DA:142,0
DA:147,0
DA:157,0
LF:20
LH:0
BRDA:128,0,0,0
BRDA:128,0,1,0
BRDA:166,1,0,0
BRDA:166,1,1,0
BRF:4
BRH:0
end_of_record
TN:
SF:src/components/NotificationBadge.tsx
FN:54,NotificationBadge
FNF:1
FNH:0
FNDA:0,NotificationBadge
DA:9,0
DA:34,0
DA:55,0
DA:57,0
DA:59,0
LF:5
LH:0
BRDA:54,0,0,0
BRDA:55,1,0,0
BRDA:55,1,1,0
BRDA:57,2,0,0
BRDA:57,2,1,0
BRF:5
BRH:0
end_of_record
TN:
SF:src/components/TabBarIcon.tsx
FN:39,TabBarIcon
FNF:1
FNH:0
FNDA:0,TabBarIcon
DA:14,0
DA:23,0
DA:40,0
DA:41,0
DA:43,0
LF:5
LH:0
BRDA:41,0,0,0
BRDA:41,0,1,0
BRF:2
BRH:0
end_of_record
TN:
SF:src/hooks/useAuth.ts
FN:28,useAuth
FN:32,(anonymous_1)
FN:33,(anonymous_2)
FN:40,(anonymous_3)
FN:43,(anonymous_4)
FN:63,(anonymous_5)
FN:76,(anonymous_6)
FNF:7
FNH:0
FNDA:0,useAuth
FNDA:0,(anonymous_1)
FNDA:0,(anonymous_2)
FNDA:0,(anonymous_3)
FNDA:0,(anonymous_4)
FNDA:0,(anonymous_5)
FNDA:0,(anonymous_6)
DA:29,0
DA:32,0
DA:33,0
DA:34,0
DA:35,0
DA:36,0
DA:40,0
DA:43,0
DA:54,0
DA:55,0
DA:56,0
DA:59,0
DA:63,0
DA:67,0
DA:68,0
DA:69,0
DA:72,0
DA:76,0
DA:77,0
DA:78,0
DA:79,0
DA:82,0
DA:86,0
LF:23
LH:0
BRDA:35,0,0,0
BRDA:35,0,1,0
BRF:2
BRH:0
end_of_record
TN:
SF:src/hooks/useChat.ts
FN:19,useChat
FN:27,(anonymous_1)
FN:32,(anonymous_2)
FN:35,(anonymous_3)
FN:36,(anonymous_4)
FN:42,(anonymous_5)
FN:55,(anonymous_6)
FN:60,(anonymous_7)
FN:61,(anonymous_8)
FN:62,(anonymous_9)
FN:64,(anonymous_10)
FN:80,(anonymous_11)
FN:85,(anonymous_12)
FN:87,(anonymous_13)
FN:91,(anonymous_14)
FNF:15
FNH:0
FNDA:0,useChat
FNDA:0,(anonymous_1)
FNDA:0,(anonymous_2)
FNDA:0,(anonymous_3)
FNDA:0,(anonymous_4)
FNDA:0,(anonymous_5)
FNDA:0,(anonymous_6)
FNDA:0,(anonymous_7)
FNDA:0,(anonymous_8)
FNDA:0,(anonymous_9)
FNDA:0,(anonymous_10)
FNDA:0,(anonymous_11)
FNDA:0,(anonymous_12)
FNDA:0,(anonymous_13)
FNDA:0,(anonymous_14)
DA:20,0
DA:21,0
DA:22,0
DA:23,0
DA:24,0
DA:25,0
DA:27,0
DA:28,0
DA:29,0
DA:30,0
DA:31,0
DA:32,0
DA:33,0
DA:35,0
DA:36,0
DA:38,0
DA:41,0
DA:42,0
DA:44,0
DA:45,0
DA:48,0
DA:50,0
DA:55,0
DA:56,0
DA:60,0
DA:61,0
DA:62,0
DA:64,0
DA:65,0
DA:67,0
DA:71,0
DA:72,0
DA:73,0
DA:75,0
DA:80,0
DA:81,0
DA:85,0
DA:86,0
DA:87,0
DA:88,0
DA:91,0
DA:92,0
DA:93,0
DA:94,0
DA:96,0
DA:97,0
DA:101,0
LF:47
LH:0
BRDA:42,0,0,0
BRDA:42,0,1,0
BRDA:44,1,0,0
BRDA:44,1,1,0
BRDA:48,2,0,0
BRDA:48,2,1,0
BRDA:64,3,0,0
BRDA:64,3,1,0
BRDA:71,4,0,0
BRDA:71,4,1,0
BRDA:86,5,0,0
BRDA:86,5,1,0
BRDA:86,6,0,0
BRDA:86,6,1,0
BRDA:96,7,0,0
BRDA:96,7,1,0
BRF:16
BRH:0
end_of_record
TN:
SF:src/hooks/useDatePreferences.ts
FN:19,useDatePreferences
FN:24,(anonymous_1)
FN:43,(anonymous_2)
FN:58,(anonymous_3)
FN:82,(anonymous_4)
FN:99,(anonymous_5)
FN:100,(anonymous_6)
FN:114,(anonymous_7)
FN:120,(anonymous_8)
FN:129,(anonymous_9)
FN:130,(anonymous_10)
FN:144,(anonymous_11)
FN:150,(anonymous_12)
FN:159,(anonymous_13)
FNF:14
FNH:0
FNDA:0,useDatePreferences
FNDA:0,(anonymous_1)
FNDA:0,(anonymous_2)
FNDA:0,(anonymous_3)
FNDA:0,(anonymous_4)
FNDA:0,(anonymous_5)
FNDA:0,(anonymous_6)
FNDA:0,(anonymous_7)
FNDA:0,(anonymous_8)
FNDA:0,(anonymous_9)
FNDA:0,(anonymous_10)
FNDA:0,(anonymous_11)
FNDA:0,(anonymous_12)
FNDA:0,(anonymous_13)
DA:20,0
DA:21,0
DA:22,0
DA:24,0
DA:25,0
DA:26,0
DA:27,0
DA:30,0
DA:40,0
DA:43,0
DA:48,0
DA:49,0
DA:51,0
DA:52,0
DA:54,0
DA:58,0
DA:61,0
DA:62,0
DA:63,0
DA:65,0
DA:73,0
DA:75,0
DA:77,0
DA:78,0
DA:82,0
DA:83,0
DA:84,0
DA:89,0
DA:91,0
DA:93,0
DA:94,0
DA:99,0
DA:100,0
DA:101,0
DA:102,0
DA:104,0
DA:115,0
DA:120,0
DA:121,0
DA:125,0
DA:129,0
DA:130,0
DA:131,0
DA:132,0
DA:134,0
DA:145,0
DA:150,0
DA:151,0
DA:155,0
DA:159,0
DA:160,0
DA:164,0
DA:166,0
LF:53
LH:0
BRDA:27,0,0,0
BRDA:27,0,1,0
BRDA:40,1,0,0
BRDA:40,1,1,0
BRDA:43,2,0,0
BRDA:43,2,1,0
BRDA:45,3,0,0
BRDA:45,3,1,0
BRDA:51,4,0,0
BRDA:51,4,1,0
BRDA:63,5,0,0
BRDA:63,5,1,0
BRDA:73,6,0,0
BRDA:73,6,1,0
BRDA:89,7,0,0
BRDA:89,7,1,0
BRDA:102,8,0,0
BRDA:102,8,1,0
BRDA:132,9,0,0
BRDA:132,9,1,0
BRF:20
BRH:0
end_of_record
TN:
SF:src/hooks/useMatch.ts
FN:27,useMatch
FN:34,(anonymous_1)
FN:76,(anonymous_2)
FN:96,(anonymous_3)
FN:107,(anonymous_4)
FN:124,(anonymous_5)
FN:131,(anonymous_6)
FN:147,(anonymous_7)
FN:163,(anonymous_8)
FN:170,(anonymous_9)
FN:181,(anonymous_10)
FN:183,(anonymous_11)
FN:188,(anonymous_12)
FN:194,(anonymous_13)
FN:205,(anonymous_14)
FN:211,(anonymous_15)
FN:217,(anonymous_16)
FN:218,(anonymous_17)
FNF:18
FNH:0
FNDA:0,useMatch
FNDA:0,(anonymous_1)
FNDA:0,(anonymous_2)
FNDA:0,(anonymous_3)
FNDA:0,(anonymous_4)
FNDA:0,(anonymous_5)
FNDA:0,(anonymous_6)
FNDA:0,(anonymous_7)
FNDA:0,(anonymous_8)
FNDA:0,(anonymous_9)
FNDA:0,(anonymous_10)
FNDA:0,(anonymous_11)
FNDA:0,(anonymous_12)
FNDA:0,(anonymous_13)
FNDA:0,(anonymous_14)
FNDA:0,(anonymous_15)
FNDA:0,(anonymous_16)
FNDA:0,(anonymous_17)
DA:28,0
DA:29,0
DA:30,0
DA:31,0
DA:32,0
DA:34,0
DA:35,0
DA:36,0
DA:37,0
DA:39,0
DA:55,0
DA:58,0
DA:59,0
DA:65,0
DA:68,0
DA:69,0
DA:71,0
DA:72,0
DA:76,0
DA:77,0
DA:78,0
DA:85,0
DA:86,0
DA:89,0
DA:91,0
DA:93,0
DA:94,0
DA:96,0
DA:99,0
DA:100,0
DA:102,0
DA:103,0
DA:107,0
DA:108,0
DA:109,0
DA:110,0
DA:112,0
DA:122,0
DA:124,0
DA:126,0
DA:127,0
DA:131,0
DA:132,0
DA:133,0
DA:138,0
DA:140,0
DA:142,0
DA:143,0
DA:147,0
DA:148,0
DA:149,0
DA:154,0
DA:156,0
DA:158,0
DA:159,0
DA:163,0
DA:164,0
DA:165,0
DA:166,0
DA:170,0
DA:171,0
DA:182,0
DA:183,0
DA:188,0
DA:189,0
DA:194,0
DA:195,0
DA:206,0
DA:211,0
DA:212,0
DA:217,0
DA:218,0
DA:219,0
DA:220,0
DA:221,0
DA:226,0
DA:230,0
DA:233,0
LF:78
LH:0
BRDA:37,0,0,0
BRDA:37,0,1,0
BRDA:55,1,0,0
BRDA:55,1,1,0
BRDA:58,2,0,0
BRDA:58,2,1,0
BRDA:58,3,0,0
BRDA:58,3,1,0
BRDA:71,4,0,0
BRDA:71,4,1,0
BRDA:85,5,0,0
BRDA:85,5,1,0
BRDA:91,6,0,0
BRDA:91,6,1,0
BRDA:93,7,0,0
BRDA:93,7,1,0
BRDA:94,8,0,0
BRDA:94,8,1,0
BRDA:96,9,0,0
BRDA:96,9,1,0
BRDA:99,10,0,0
BRDA:99,10,1,0
BRDA:102,11,0,0
BRDA:102,11,1,0
BRDA:110,12,0,0
BRDA:110,12,1,0
BRDA:122,13,0,0
BRDA:122,13,1,0
BRDA:138,14,0,0
BRDA:138,14,1,0
BRDA:154,15,0,0
BRDA:154,15,1,0
BRDA:164,16,0,0
BRDA:164,16,1,0
BRDA:164,17,0,0
BRDA:164,17,1,0
BRF:36
BRH:0
end_of_record
TN:
SF:src/hooks/useMatches.ts
FN:27,useMatches
FN:32,(anonymous_1)
FN:57,(anonymous_2)
FN:96,(anonymous_3)
FN:98,(anonymous_4)
FN:125,(anonymous_5)
FN:142,(anonymous_6)
FN:143,(anonymous_7)
FN:157,(anonymous_8)
FN:191,(anonymous_9)
FN:197,(anonymous_10)
FN:206,(anonymous_11)
FN:211,(anonymous_12)
FN:212,(anonymous_13)
FNF:14
FNH:0
FNDA:0,useMatches
FNDA:0,(anonymous_1)
FNDA:0,(anonymous_2)
FNDA:0,(anonymous_3)
FNDA:0,(anonymous_4)
FNDA:0,(anonymous_5)
FNDA:0,(anonymous_6)
FNDA:0,(anonymous_7)
FNDA:0,(anonymous_8)
FNDA:0,(anonymous_9)
FNDA:0,(anonymous_10)
FNDA:0,(anonymous_11)
FNDA:0,(anonymous_12)
FNDA:0,(anonymous_13)
DA:28,0
DA:29,0
DA:30,0
DA:32,0
DA:33,0
DA:34,0
DA:35,0
DA:37,0
DA:54,0
DA:57,0
DA:58,0
DA:61,0
DA:62,0
DA:66,0
DA:80,0
DA:86,0
DA:87,0
DA:89,0
DA:90,0
DA:92,0
DA:96,0
DA:97,0
DA:98,0
DA:99,0
DA:101,0
DA:106,0
DA:109,0
DA:118,0
DA:120,0
DA:121,0
DA:125,0
DA:126,0
DA:127,0
DA:132,0
DA:134,0
DA:136,0
DA:137,0
DA:142,0
DA:143,0
DA:144,0
DA:145,0
DA:147,0
DA:159,0
DA:160,0
DA:163,0
DA:169,0
DA:170,0
DA:180,0
DA:192,0
DA:197,0
DA:198,0
DA:202,0
DA:206,0
DA:207,0
DA:211,0
DA:212,0
DA:214,0
LF:57
LH:0
BRDA:35,0,0,0
BRDA:35,0,1,0
BRDA:54,1,0,0
BRDA:54,1,1,0
BRDA:57,2,0,0
BRDA:57,2,1,0
BRDA:61,3,0,0
BRDA:61,3,1,0
BRDA:82,4,0,0
BRDA:82,4,1,0
BRDA:89,5,0,0
BRDA:89,5,1,0
BRDA:99,6,0,0
BRDA:99,6,1,0
BRDA:106,7,0,0
BRDA:106,7,1,0
BRDA:132,8,0,0
BRDA:132,8,1,0
BRDA:145,9,0,0
BRDA:145,9,1,0
BRDA:160,10,0,0
BRDA:160,10,1,0
BRDA:169,11,0,0
BRDA:169,11,1,0
BRF:24
BRH:0
end_of_record
TN:
SF:src/hooks/useNotifications.ts
FN:24,useNotifications
FN:31,(anonymous_1)
FN:46,(anonymous_2)
FN:51,(anonymous_3)
FN:66,(anonymous_4)
FN:72,(anonymous_5)
FN:76,(anonymous_6)
FN:82,(anonymous_7)
FN:88,(anonymous_8)
FN:95,(anonymous_9)
FN:106,(anonymous_10)
FN:114,(anonymous_11)
FN:117,(anonymous_12)
FN:118,(anonymous_13)
FN:129,(anonymous_14)
FNF:15
FNH:0
FNDA:0,useNotifications
FNDA:0,(anonymous_1)
FNDA:0,(anonymous_2)
FNDA:0,(anonymous_3)
FNDA:0,(anonymous_4)
FNDA:0,(anonymous_5)
FNDA:0,(anonymous_6)
FNDA:0,(anonymous_7)
FNDA:0,(anonymous_8)
FNDA:0,(anonymous_9)
FNDA:0,(anonymous_10)
FNDA:0,(anonymous_11)
FNDA:0,(anonymous_12)
FNDA:0,(anonymous_13)
FNDA:0,(anonymous_14)
DA:25,0
DA:26,0
DA:27,0
DA:28,0
DA:31,0
DA:32,0
DA:34,0
DA:35,0
DA:36,0
DA:37,0
DA:39,0
DA:41,0
DA:46,0
DA:47,0
DA:49,0
DA:51,0
DA:52,0
DA:53,0
DA:54,0
DA:55,0
DA:58,0
DA:59,0
DA:64,0
DA:66,0
DA:67,0
DA:72,0
DA:73,0
DA:75,0
DA:77,0
DA:81,0
DA:83,0
DA:87,0
DA:89,0
DA:94,0
DA:96,0
DA:97,0
DA:98,0
DA:104,0
DA:106,0
DA:107,0
DA:108,0
DA:109,0
DA:110,0
DA:114,0
DA:115,0
DA:116,0
DA:117,0
DA:118,0
DA:119,0
DA:125,0
DA:129,0
DA:131,0
LF:52
LH:0
BRDA:32,0,0,0
BRDA:32,0,1,0
BRDA:39,1,0,0
BRDA:39,1,1,0
BRDA:47,2,0,0
BRDA:47,2,1,0
BRDA:54,3,0,0
BRDA:54,3,1,0
BRDA:54,4,0,0
BRDA:54,4,1,0
BRDA:58,5,0,0
BRDA:58,5,1,0
BRDA:59,6,0,0
BRDA:59,6,1,0
BRDA:73,7,0,0
BRDA:73,7,1,0
BRDA:97,8,0,0
BRDA:97,8,1,0
BRDA:119,9,0,0
BRDA:119,9,1,0
BRDA:125,10,0,0
BRDA:125,10,1,0
BRF:22
BRH:0
end_of_record
TN:
SF:src/hooks/useProfile.ts
FN:24,useProfile
FN:30,(anonymous_1)
FN:44,(anonymous_2)
FN:89,(anonymous_3)
FN:117,(anonymous_4)
FNF:5
FNH:0
FNDA:0,useProfile
FNDA:0,(anonymous_1)
FNDA:0,(anonymous_2)
FNDA:0,(anonymous_3)
FNDA:0,(anonymous_4)
DA:25,0
DA:26,0
DA:27,0
DA:30,0
DA:31,0
DA:32,0
DA:37,0
DA:39,0
DA:44,0
DA:45,0
DA:47,0
DA:48,0
DA:49,0
DA:53,0
DA:60,0
DA:61,0
DA:84,0
DA:89,0
DA:95,0
DA:96,0
DA:112,0
DA:117,0
DA:122,0
DA:132,0
DA:136,0
LF:25
LH:0
BRDA:37,0,0,0
BRDA:37,0,1,0
BRDA:48,1,0,0
BRDA:48,1,1,0
BRDA:60,2,0,0
BRDA:60,2,1,0
BRDA:84,3,0,0
BRDA:84,3,1,0
BRDA:112,4,0,0
BRDA:112,4,1,0
BRDA:132,5,0,0
BRDA:132,5,1,0
BRF:12
BRH:0
end_of_record
TN:
SF:src/hooks/useSettings.ts
FN:18,useSettings
FN:23,(anonymous_1)
FN:86,(anonymous_2)
FN:97,(anonymous_3)
FN:104,(anonymous_4)
FN:124,(anonymous_5)
FN:134,(anonymous_6)
FN:145,(anonymous_7)
FN:153,(anonymous_8)
FN:154,(anonymous_9)
FN:168,(anonymous_10)
FN:174,(anonymous_11)
FN:183,(anonymous_12)
FNF:13
FNH:0
FNDA:0,useSettings
FNDA:0,(anonymous_1)
FNDA:0,(anonymous_2)
FNDA:0,(anonymous_3)
FNDA:0,(anonymous_4)
FNDA:0,(anonymous_5)
FNDA:0,(anonymous_6)
FNDA:0,(anonymous_7)
FNDA:0,(anonymous_8)
FNDA:0,(anonymous_9)
FNDA:0,(anonymous_10)
FNDA:0,(anonymous_11)
FNDA:0,(anonymous_12)
DA:19,0
DA:20,0
DA:21,0
DA:23,0
DA:24,0
DA:25,0
DA:26,0
DA:27,0
DA:28,0
DA:29,0
DA:32,0
DA:38,0
DA:40,0
DA:42,0
DA:64,0
DA:70,0
DA:72,0
DA:74,0
DA:77,0
DA:79,0
DA:80,0
DA:82,0
DA:86,0
DA:87,0
DA:89,0
DA:90,0
DA:95,0
DA:97,0
DA:99,0
DA:100,0
DA:104,0
DA:109,0
DA:111,0
DA:112,0
DA:117,0
DA:122,0
DA:124,0
DA:129,0
DA:130,0
DA:134,0
DA:135,0
DA:137,0
DA:138,0
DA:143,0
DA:145,0
DA:147,0
DA:148,0
DA:153,0
DA:154,0
DA:155,0
DA:156,0
DA:158,0
DA:169,0
DA:174,0
DA:175,0
DA:179,0
DA:183,0
DA:184,0
DA:187,0
LF:59
LH:0
BRDA:26,0,0,0
BRDA:26,0,1,0
BRDA:38,1,0,0
BRDA:38,1,1,0
BRDA:40,2,0,0
BRDA:40,2,1,0
BRDA:70,3,0,0
BRDA:70,3,1,0
BRDA:79,4,0,0
BRDA:79,4,1,0
BRDA:87,5,0,0
BRDA:87,5,1,0
BRDA:95,6,0,0
BRDA:95,6,1,0
BRDA:97,7,0,0
BRDA:97,7,1,0
BRDA:109,8,0,0
BRDA:109,8,1,0
BRDA:122,9,0,0
BRDA:122,9,1,0
BRDA:124,10,0,0
BRDA:124,10,1,0
BRDA:135,11,0,0
BRDA:135,11,1,0
BRDA:143,12,0,0
BRDA:143,12,1,0
BRDA:145,13,0,0
BRDA:145,13,1,0
BRDA:156,14,0,0
BRDA:156,14,1,0
BRF:30
BRH:0
end_of_record
TN:
SF:src/hooks/useThemeMode.ts
FN:8,(anonymous_0)
FNF:1
FNH:0
FNDA:0,(anonymous_0)
DA:8,0
DA:9,0
DA:10,0
LF:3
LH:0
BRF:0
BRH:0
end_of_record
TN:
SF:src/lib/supabase.ts
FN:24,(anonymous_0)
FNF:1
FNH:0
FNDA:0,(anonymous_0)
DA:5,1
DA:6,1
DA:8,1
DA:9,0
DA:12,1
DA:24,1
LF:6
LH:5
BRDA:8,0,0,0
BRDA:8,0,1,1
BRDA:8,1,0,1
BRDA:8,1,1,1
BRF:4
BRH:3
end_of_record
TN:
SF:src/lib/supabaseClient.ts
FN:31,(anonymous_0)
FN:31,(anonymous_1)
FN:36,(anonymous_2)
FN:44,(anonymous_3)
FN:81,(anonymous_4)
FN:92,(anonymous_5)
FN:96,(anonymous_6)
FN:120,(anonymous_7)
FN:126,(anonymous_8)
FN:131,(anonymous_9)
FN:137,(anonymous_10)
FN:142,(anonymous_11)
FN:149,(anonymous_12)
FN:154,(anonymous_13)
FN:160,(anonymous_14)
FN:166,(anonymous_15)
FN:173,(anonymous_16)
FN:182,(anonymous_17)
FN:184,(anonymous_18)
FN:195,(anonymous_19)
FN:197,(anonymous_20)
FN:208,(anonymous_21)
FN:210,(anonymous_22)
FN:220,(anonymous_23)
FN:222,(anonymous_24)
FNF:25
FNH:0
FNDA:0,(anonymous_0)
FNDA:0,(anonymous_1)
FNDA:0,(anonymous_2)
FNDA:0,(anonymous_3)
FNDA:0,(anonymous_4)
FNDA:0,(anonymous_5)
FNDA:0,(anonymous_6)
FNDA:0,(anonymous_7)
FNDA:0,(anonymous_8)
FNDA:0,(anonymous_9)
FNDA:0,(anonymous_10)
FNDA:0,(anonymous_11)
FNDA:0,(anonymous_12)
FNDA:0,(anonymous_13)
FNDA:0,(anonymous_14)
FNDA:0,(anonymous_15)
FNDA:0,(anonymous_16)
FNDA:0,(anonymous_17)
FNDA:0,(anonymous_18)
FNDA:0,(anonymous_19)
FNDA:0,(anonymous_20)
FNDA:0,(anonymous_21)
FNDA:0,(anonymous_22)
FNDA:0,(anonymous_23)
FNDA:0,(anonymous_24)
DA:6,0
DA:7,0
DA:9,0
DA:10,0
DA:13,0
DA:23,0
DA:26,0
DA:29,0
DA:31,0
DA:34,0
DA:37,0
DA:41,0
DA:49,0
DA:50,0
DA:52,0
DA:53,0
DA:54,0
DA:56,0
DA:59,0
DA:65,0
DA:73,0
DA:74,0
DA:78,0
DA:82,0
DA:83,0
DA:84,0
DA:85,0
DA:86,0
DA:87,0
DA:88,0
DA:96,0
DA:97,0
DA:99,0
DA:100,0
DA:107,0
DA:108,0
DA:115,0
DA:125,0
DA:126,0
DA:136,0
DA:137,0
DA:148,0
DA:149,0
DA:159,0
DA:160,0
DA:167,0
DA:171,0
DA:174,0
DA:175,0
DA:176,0
DA:183,0
DA:185,0
DA:186,0
DA:187,0
DA:196,0
DA:198,0
DA:199,0
DA:200,0
DA:209,0
DA:211,0
DA:212,0
DA:221,0
DA:223,0
DA:224,0
DA:225,0
DA:234,0
LF:66
LH:0
BRDA:9,0,0,0
BRDA:9,0,1,0
BRDA:9,1,0,0
BRDA:9,1,1,0
BRDA:49,2,0,0
BRDA:49,2,1,0
BRDA:56,3,0,0
BRDA:56,3,1,0
BRDA:59,4,0,0
BRDA:59,4,1,0
BRDA:60,5,0,0
BRDA:60,5,1,0
BRDA:60,5,2,0
BRDA:60,5,3,0
BRDA:83,6,0,0
BRDA:83,6,1,0
BRDA:84,7,0,0
BRDA:84,7,1,0
BRDA:85,8,0,0
BRDA:85,8,1,0
BRDA:86,9,0,0
BRDA:86,9,1,0
BRDA:87,10,0,0
BRDA:87,10,1,0
BRDA:99,11,0,0
BRDA:99,11,1,0
BRDA:107,12,0,0
BRDA:107,12,1,0
BRDA:175,13,0,0
BRDA:175,13,1,0
BRDA:186,14,0,0
BRDA:186,14,1,0
BRDA:199,15,0,0
BRDA:199,15,1,0
BRDA:212,16,0,0
BRDA:212,16,1,0
BRDA:224,17,0,0
BRDA:224,17,1,0
BRF:38
BRH:0
end_of_record
TN:
SF:src/navigation/AuthNavigator.tsx
FN:13,AuthNavigator
FNF:1
FNH:0
FNDA:0,AuthNavigator
DA:11,0
DA:14,0
LF:2
LH:0
BRF:0
BRH:0
end_of_record
TN:
SF:src/navigation/MainNavigator.tsx
FN:54,TabNavigator
FN:58,(anonymous_1)
FN:59,(anonymous_2)
FN:111,MainNavigator
FNF:4
FNH:0
FNDA:0,TabNavigator
FNDA:0,(anonymous_1)
FNDA:0,(anonymous_2)
FNDA:0,MainNavigator
DA:33,0
DA:34,0
DA:36,0
DA:48,0
DA:55,0
DA:56,0
DA:58,0
DA:62,0
DA:64,0
DA:65,0
DA:67,0
DA:68,0
DA:70,0
DA:71,0
DA:73,0
DA:74,0
DA:76,0
DA:77,0
DA:79,0
DA:82,0
DA:85,0
DA:86,0
DA:96,0
DA:112,0
LF:24
LH:0
BRDA:62,0,0,0
BRDA:62,0,1,0
BRDA:62,0,2,0
BRDA:62,0,3,0
BRDA:62,0,4,0
BRDA:62,0,5,0
BRDA:64,1,0,0
BRDA:64,1,1,0
BRDA:67,2,0,0
BRDA:67,2,1,0
BRDA:70,3,0,0
BRDA:70,3,1,0
BRDA:73,4,0,0
BRDA:73,4,1,0
BRDA:76,5,0,0
BRDA:76,5,1,0
BRDA:85,6,0,0
BRDA:85,6,1,0
BRDA:85,7,0,0
BRDA:85,7,1,0
BRDA:90,8,0,0
BRDA:90,8,1,0
BRF:22
BRH:0
end_of_record
TN:
SF:src/navigation/RootNavigator.tsx
FN:15,RootNavigator
FNF:1
FNH:0
FNDA:0,RootNavigator
DA:13,0
DA:16,0
DA:18,0
LF:3
LH:0
BRDA:21,0,0,0
BRDA:21,0,1,0
BRF:2
BRH:0
end_of_record
TN:
SF:src/screens/AuthScreen.tsx
FN:28,AuthScreen
FN:34,handleAuth
FN:71,(anonymous_2)
FN:146,(anonymous_3)
FN:215,(anonymous_4)
FN:223,(anonymous_5)
FN:236,(anonymous_6)
FNF:7
FNH:0
FNDA:0,AuthScreen
FNDA:0,handleAuth
FNDA:0,(anonymous_2)
FNDA:0,(anonymous_3)
FNDA:0,(anonymous_4)
FNDA:0,(anonymous_5)
FNDA:0,(anonymous_6)
DA:29,0
DA:30,0
DA:31,0
DA:32,0
DA:35,0
DA:36,0
DA:37,0
DA:38,0
DA:42,0
DA:45,0
DA:46,0
DA:48,0
DA:54,0
DA:57,0
DA:58,0
DA:60,0
DA:63,0
DA:67,0
DA:68,0
DA:71,0
DA:75,0
DA:77,0
DA:81,0
DA:146,0
DA:215,0
DA:223,0
DA:236,0
LF:27
LH:0
BRDA:37,0,0,0
BRDA:37,0,1,0
BRDA:42,1,0,0
BRDA:42,1,1,0
BRDA:46,2,0,0
BRDA:46,2,1,0
BRDA:54,3,0,0
BRDA:54,3,1,0
BRDA:57,4,0,0
BRDA:57,4,1,0
BRDA:67,5,0,0
BRDA:67,5,1,0
BRDA:83,6,0,0
BRDA:83,6,1,0
BRDA:117,7,0,0
BRDA:117,7,1,0
BRDA:145,8,0,0
BRDA:145,8,1,0
BRDA:171,9,0,0
BRDA:171,9,1,0
BRDA:193,10,0,0
BRDA:193,10,1,0
BRDA:234,11,0,0
BRDA:234,11,1,0
BRDA:243,12,0,0
BRDA:243,12,1,0
BRF:26
BRH:0
end_of_record
TN:
SF:src/screens/ChatScreen.tsx
FN:99,formatMessageTime
FN:104,ChatScreen
FN:115,(anonymous_2)
FN:118,(anonymous_3)
FN:127,(anonymous_4)
FN:142,(anonymous_5)
FN:162,(anonymous_6)
FNF:7
FNH:0
FNDA:0,formatMessageTime
FNDA:0,ChatScreen
FNDA:0,(anonymous_2)
FNDA:0,(anonymous_3)
FNDA:0,(anonymous_4)
FNDA:0,(anonymous_5)
FNDA:0,(anonymous_6)
DA:20,0
DA:25,0
DA:36,0
DA:63,0
DA:80,0
DA:86,0
DA:93,0
DA:100,0
DA:101,0
DA:105,0
DA:106,0
DA:107,0
DA:111,0
DA:112,0
DA:113,0
DA:115,0
DA:116,0
DA:119,0
DA:127,0
DA:128,0
DA:130,0
DA:131,0
DA:132,0
DA:133,0
DA:135,0
DA:138,0
DA:142,0
DA:144,0
DA:145,0
DA:149,0
DA:163,0
LF:31
LH:0
BRDA:109,0,0,0
BRDA:109,0,1,0
BRDA:128,1,0,0
BRDA:128,1,1,0
BRDA:144,2,0,0
BRDA:144,2,1,0
BRDA:144,3,0,0
BRDA:144,3,1,0
BRDA:144,3,2,0
BRDA:152,4,0,0
BRDA:152,4,1,0
BRDA:175,5,0,0
BRDA:175,5,1,0
BRDA:180,6,0,0
BRDA:180,6,1,0
BRF:15
BRH:0
end_of_record
TN:
SF:src/screens/DateScreen.tsx
FN:135,DateScreen
FN:138,(anonymous_1)
FN:147,(anonymous_2)
FN:160,(anonymous_3)
FN:163,(anonymous_4)
FN:185,(anonymous_5)
FNF:6
FNH:0
FNDA:0,DateScreen
FNDA:0,(anonymous_1)
FNDA:0,(anonymous_2)
FNDA:0,(anonymous_3)
FNDA:0,(anonymous_4)
FNDA:0,(anonymous_5)
DA:18,0
DA:23,0
DA:28,0
DA:33,0
DA:39,0
DA:45,0
DA:51,0
DA:58,0
DA:80,0
DA:86,0
DA:92,0
DA:97,0
DA:105,0
DA:114,0
DA:122,0
DA:129,0
DA:136,0
DA:138,0
DA:139,0
DA:148,0
DA:149,0
DA:150,0
DA:152,0
DA:160,0
DA:161,0
DA:164,0
DA:185,0
DA:201,0
DA:202,0
DA:209,0
LF:30
LH:0
BRDA:183,0,0,0
BRDA:183,0,1,0
BRDA:201,1,0,0
BRDA:201,1,1,0
BRDA:215,2,0,0
BRDA:215,2,1,0
BRDA:231,3,0,0
BRDA:231,3,1,0
BRF:8
BRH:0
end_of_record
TN:
SF:src/screens/FontTestScreen.tsx
FN:4,FontTestScreen
FNF:1
FNH:0
FNDA:0,FontTestScreen
DA:5,0
LF:1
LH:0
BRF:0
BRH:0
end_of_record
TN:
SF:src/screens/MatchScreen.tsx
FN:155,MatchScreen
FN:159,(anonymous_1)
FN:167,(anonymous_2)
FN:180,(anonymous_3)
FN:189,(anonymous_4)
FN:201,(anonymous_5)
FN:238,(anonymous_6)
FN:249,(anonymous_7)
FN:260,(anonymous_8)
FN:308,(anonymous_9)
FN:317,(anonymous_10)
FNF:11
FNH:0
FNDA:0,MatchScreen
FNDA:0,(anonymous_1)
FNDA:0,(anonymous_2)
FNDA:0,(anonymous_3)
FNDA:0,(anonymous_4)
FNDA:0,(anonymous_5)
FNDA:0,(anonymous_6)
FNDA:0,(anonymous_7)
FNDA:0,(anonymous_8)
FNDA:0,(anonymous_9)
FNDA:0,(anonymous_10)
DA:23,0
DA:28,0
DA:33,0
DA:38,0
DA:42,0
DA:48,0
DA:54,0
DA:60,0
DA:64,0
DA:71,0
DA:77,0
DA:81,0
DA:88,0
DA:95,0
DA:101,0
DA:107,0
DA:113,0
DA:120,0
DA:129,0
DA:136,0
DA:142,0
DA:147,0
DA:156,0
DA:157,0
DA:159,0
DA:160,0
DA:168,0
DA:169,0
DA:170,0
DA:172,0
DA:180,0
DA:181,0
DA:190,0
DA:191,0
DA:193,0
DA:201,0
DA:202,0
DA:238,0
DA:249,0
DA:260,0
DA:274,0
DA:275,0
DA:282,0
DA:308,0
DA:317,0
LF:45
LH:0
BRDA:201,0,0,0
BRDA:230,1,0,0
BRDA:230,1,1,0
BRDA:235,2,0,0
BRDA:235,2,1,0
BRDA:274,3,0,0
BRDA:274,3,1,0
BRDA:288,4,0,0
BRDA:288,4,1,0
BRDA:303,5,0,0
BRDA:303,5,1,0
BRDA:316,6,0,0
BRDA:316,6,1,0
BRF:13
BRH:0
end_of_record
TN:
SF:src/screens/MatchesScreen.tsx
FN:117,MatchesScreen
FN:122,(anonymous_1)
FN:127,(anonymous_2)
FN:132,(anonymous_3)
FN:142,(anonymous_4)
FN:185,(anonymous_5)
FN:192,(anonymous_6)
FNF:7
FNH:0
FNDA:0,MatchesScreen
FNDA:0,(anonymous_1)
FNDA:0,(anonymous_2)
FNDA:0,(anonymous_3)
FNDA:0,(anonymous_4)
FNDA:0,(anonymous_5)
FNDA:0,(anonymous_6)
DA:18,0
DA:24,0
DA:29,0
DA:35,0
DA:40,0
DA:46,0
DA:64,0
DA:118,0
DA:119,0
DA:120,0
DA:122,0
DA:124,0
DA:127,0
DA:129,0
DA:132,0
DA:133,0
DA:134,0
DA:135,0
DA:138,0
DA:143,0
DA:185,0
DA:192,0
LF:22
LH:0
BRDA:119,0,0,0
BRDA:119,0,1,0
BRDA:133,1,0,0
BRDA:133,1,1,0
BRDA:134,2,0,0
BRDA:134,2,1,0
BRF:6
BRH:0
end_of_record
TN:
SF:src/screens/MessagesScreen.tsx
FN:106,formatMessageTime
FN:120,MessagesScreen
FN:125,(anonymous_2)
FN:137,(anonymous_3)
FN:140,(anonymous_4)
FNF:5
FNH:0
FNDA:0,formatMessageTime
FNDA:0,MessagesScreen
FNDA:0,(anonymous_2)
FNDA:0,(anonymous_3)
FNDA:0,(anonymous_4)
DA:24,0
DA:30,0
DA:35,0
DA:42,0
DA:47,0
DA:75,0
DA:107,0
DA:108,0
DA:109,0
DA:111,0
DA:112,0
DA:113,0
DA:114,0
DA:116,0
DA:121,0
DA:122,0
DA:123,0
DA:125,0
DA:126,0
DA:133,0
DA:138,0
DA:140,0
LF:22
LH:0
BRDA:111,0,0,0
BRDA:111,0,1,0
BRDA:113,1,0,0
BRDA:113,1,1,0
BRDA:122,2,0,0
BRDA:122,2,1,0
BRDA:154,3,0,0
BRDA:154,3,1,0
BRDA:166,4,0,0
BRDA:166,4,1,0
BRDA:168,5,0,0
BRDA:168,5,1,0
BRDA:172,6,0,0
BRDA:172,6,1,0
BRF:14
BRH:0
end_of_record
TN:
SF:src/screens/NotificationsScreen.tsx
FN:77,NotificationsScreen
FN:86,(anonymous_1)
FN:121,(anonymous_2)
FN:126,(anonymous_3)
FNF:4
FNH:0
FNDA:0,NotificationsScreen
FNDA:0,(anonymous_1)
FNDA:0,(anonymous_2)
FNDA:0,(anonymous_3)
DA:15,0
DA:20,0
DA:25,0
DA:30,0
DA:45,0
DA:52,0
DA:58,0
DA:63,0
DA:70,0
DA:84,0
DA:86,0
DA:87,0
DA:91,0
DA:92,0
DA:100,0
DA:122,0
DA:126,0
LF:17
LH:0
BRDA:91,0,0,0
BRDA:91,0,1,0
BRDA:114,1,0,0
BRDA:114,1,1,0
BRF:4
BRH:0
end_of_record
TN:
SF:src/screens/ProfileScreen.tsx
FN:140,ProfileScreen
FN:156,(anonymous_1)
FN:164,(anonymous_2)
FN:205,(anonymous_3)
FN:233,(anonymous_4)
FN:280,(anonymous_5)
FN:288,(anonymous_6)
FN:296,(anonymous_7)
FNF:8
FNH:0
FNDA:0,ProfileScreen
FNDA:0,(anonymous_1)
FNDA:0,(anonymous_2)
FNDA:0,(anonymous_3)
FNDA:0,(anonymous_4)
FNDA:0,(anonymous_5)
FNDA:0,(anonymous_6)
FNDA:0,(anonymous_7)
DA:22,0
DA:25,0
DA:54,0
DA:59,0
DA:64,0
DA:69,0
DA:75,0
DA:79,0
DA:84,0
DA:89,0
DA:100,0
DA:106,0
DA:110,0
DA:117,0
DA:124,0
DA:131,0
DA:148,0
DA:150,0
DA:151,0
DA:152,0
DA:153,0
DA:154,0
DA:156,0
DA:157,0
DA:158,0
DA:160,0
DA:164,0
DA:165,0
DA:166,0
DA:172,0
DA:174,0
DA:178,0
DA:179,0
DA:186,0
DA:187,0
DA:194,0
DA:206,0
DA:233,0
DA:280,0
DA:288,0
DA:296,0
LF:41
LH:0
BRDA:178,0,0,0
BRDA:178,0,1,0
BRDA:186,1,0,0
BRDA:186,1,1,0
BRDA:218,2,0,0
BRDA:218,2,1,0
BRDA:218,2,2,0
BRDA:235,3,0,0
BRDA:235,3,1,0
BRDA:239,4,0,0
BRDA:239,4,1,0
BRDA:268,5,0,0
BRDA:268,5,1,0
BRDA:279,6,0,0
BRDA:279,6,1,0
BRDA:287,7,0,0
BRDA:287,7,1,0
BRDA:295,8,0,0
BRDA:295,8,1,0
BRF:19
BRH:0
end_of_record
TN:
SF:src/screens/QuestionnaireScreen.tsx
FN:128,(anonymous_0)
FN:136,(anonymous_1)
FN:228,QuestionnaireScreen
FN:288,(anonymous_3)
FN:296,(anonymous_4)
FN:302,(anonymous_5)
FN:322,(anonymous_6)
FN:323,(anonymous_7)
FN:329,(anonymous_8)
FN:334,(anonymous_9)
FN:338,(anonymous_10)
FN:348,(anonymous_11)
FN:353,(anonymous_12)
FN:357,(anonymous_13)
FN:367,(anonymous_14)
FN:371,(anonymous_15)
FN:380,(anonymous_16)
FN:391,(anonymous_17)
FN:396,(anonymous_18)
FN:402,(anonymous_19)
FN:406,(anonymous_20)
FN:410,(anonymous_21)
FN:419,(anonymous_22)
FN:423,(anonymous_23)
FN:427,(anonymous_24)
FN:436,(anonymous_25)
FN:440,(anonymous_26)
FN:444,(anonymous_27)
FN:453,(anonymous_28)
FN:457,(anonymous_29)
FN:461,(anonymous_30)
FN:470,(anonymous_31)
FN:475,(anonymous_32)
FN:485,(anonymous_33)
FN:486,(anonymous_34)
FN:504,(anonymous_35)
FN:509,(anonymous_36)
FN:519,(anonymous_37)
FN:520,(anonymous_38)
FN:538,(anonymous_39)
FN:543,(anonymous_40)
FN:553,(anonymous_41)
FN:554,(anonymous_42)
FN:572,(anonymous_43)
FN:577,(anonymous_44)
FN:581,(anonymous_45)
FN:606,(anonymous_46)
FN:612,(anonymous_47)
FN:618,(anonymous_48)
FN:624,(anonymous_49)
FN:630,(anonymous_50)
FN:636,(anonymous_51)
FN:642,(anonymous_52)
FN:648,(anonymous_53)
FN:654,(anonymous_54)
FN:660,(anonymous_55)
FN:666,(anonymous_56)
FN:672,(anonymous_57)
FN:678,(anonymous_58)
FN:684,(anonymous_59)
FN:690,(anonymous_60)
FN:696,(anonymous_61)
FN:702,(anonymous_62)
FN:708,(anonymous_63)
FN:714,(anonymous_64)
FN:720,(anonymous_65)
FN:726,(anonymous_66)
FN:732,(anonymous_67)
FN:738,(anonymous_68)
FN:744,(anonymous_69)
FN:750,(anonymous_70)
FNF:71
FNH:0
FNDA:0,(anonymous_0)
FNDA:0,(anonymous_1)
FNDA:0,QuestionnaireScreen
FNDA:0,(anonymous_3)
FNDA:0,(anonymous_4)
FNDA:0,(anonymous_5)
FNDA:0,(anonymous_6)
FNDA:0,(anonymous_7)
FNDA:0,(anonymous_8)
FNDA:0,(anonymous_9)
FNDA:0,(anonymous_10)
FNDA:0,(anonymous_11)
FNDA:0,(anonymous_12)
FNDA:0,(anonymous_13)
FNDA:0,(anonymous_14)
FNDA:0,(anonymous_15)
FNDA:0,(anonymous_16)
FNDA:0,(anonymous_17)
FNDA:0,(anonymous_18)
FNDA:0,(anonymous_19)
FNDA:0,(anonymous_20)
FNDA:0,(anonymous_21)
FNDA:0,(anonymous_22)
FNDA:0,(anonymous_23)
FNDA:0,(anonymous_24)
FNDA:0,(anonymous_25)
FNDA:0,(anonymous_26)
FNDA:0,(anonymous_27)
FNDA:0,(anonymous_28)
FNDA:0,(anonymous_29)
FNDA:0,(anonymous_30)
FNDA:0,(anonymous_31)
FNDA:0,(anonymous_32)
FNDA:0,(anonymous_33)
FNDA:0,(anonymous_34)
FNDA:0,(anonymous_35)
FNDA:0,(anonymous_36)
FNDA:0,(anonymous_37)
FNDA:0,(anonymous_38)
FNDA:0,(anonymous_39)
FNDA:0,(anonymous_40)
FNDA:0,(anonymous_41)
FNDA:0,(anonymous_42)
FNDA:0,(anonymous_43)
FNDA:0,(anonymous_44)
FNDA:0,(anonymous_45)
FNDA:0,(anonymous_46)
FNDA:0,(anonymous_47)
FNDA:0,(anonymous_48)
FNDA:0,(anonymous_49)
FNDA:0,(anonymous_50)
FNDA:0,(anonymous_51)
FNDA:0,(anonymous_52)
FNDA:0,(anonymous_53)
FNDA:0,(anonymous_54)
FNDA:0,(anonymous_55)
FNDA:0,(anonymous_56)
FNDA:0,(anonymous_57)
FNDA:0,(anonymous_58)
FNDA:0,(anonymous_59)
FNDA:0,(anonymous_60)
FNDA:0,(anonymous_61)
FNDA:0,(anonymous_62)
FNDA:0,(anonymous_63)
FNDA:0,(anonymous_64)
FNDA:0,(anonymous_65)
FNDA:0,(anonymous_66)
FNDA:0,(anonymous_67)
FNDA:0,(anonymous_68)
FNDA:0,(anonymous_69)
FNDA:0,(anonymous_70)
DA:24,0
DA:30,0
DA:36,0
DA:42,0
DA:48,0
DA:55,0
DA:60,0
DA:81,0
DA:90,0
DA:94,0
DA:100,0
DA:106,0
DA:128,0
DA:129,0
DA:130,0
DA:136,0
DA:142,0
DA:202,0
DA:206,0
DA:212,0
DA:216,0
DA:220,0
DA:229,0
DA:230,0
DA:231,0
DA:288,0
DA:289,0
DA:290,0
DA:292,0
DA:296,0
DA:297,0
DA:298,0
DA:302,0
DA:303,0
DA:304,0
DA:305,0
DA:307,0
DA:315,0
DA:316,0
DA:318,0
DA:322,0
DA:323,0
DA:329,0
DA:330,0
DA:335,0
DA:338,0
DA:348,0
DA:349,0
DA:354,0
DA:357,0
DA:367,0
DA:368,0
DA:371,0
DA:381,0
DA:382,0
DA:383,0
DA:391,0
DA:392,0
DA:396,0
DA:402,0
DA:403,0
DA:407,0
DA:410,0
DA:419,0
DA:420,0
DA:424,0
DA:427,0
DA:436,0
DA:437,0
DA:441,0
DA:444,0
DA:453,0
DA:454,0
DA:458,0
DA:461,0
DA:470,0
DA:471,0
DA:476,0
DA:486,0
DA:504,0
DA:505,0
DA:510,0
DA:520,0
DA:538,0
DA:539,0
DA:544,0
DA:554,0
DA:572,0
DA:573,0
DA:578,0
DA:581,0
DA:591,0
DA:592,0
DA:594,0
DA:606,0
DA:612,0
DA:618,0
DA:624,0
DA:630,0
DA:636,0
DA:642,0
DA:648,0
DA:654,0
DA:660,0
DA:666,0
DA:672,0
DA:678,0
DA:684,0
DA:690,0
DA:696,0
DA:702,0
DA:708,0
DA:714,0
DA:720,0
DA:726,0
DA:732,0
DA:738,0
DA:744,0
DA:750,0
DA:758,0
LF:120
LH:0
BRDA:128,0,0,0
BRDA:128,1,0,0
BRDA:129,2,0,0
BRDA:129,2,1,0
BRDA:289,3,0,0
BRDA:289,3,1,0
BRDA:297,4,0,0
BRDA:297,4,1,0
BRDA:305,5,0,0
BRDA:305,5,1,0
BRDA:315,6,0,0
BRDA:315,6,1,0
BRDA:375,7,0,0
BRDA:375,7,1,0
BRDA:382,8,0,0
BRDA:382,8,1,0
BRDA:764,9,0,0
BRDA:764,9,1,0
BRDA:775,10,0,0
BRDA:775,10,1,0
BRF:20
BRH:0
end_of_record
TN:
SF:src/screens/SettingsScreen.tsx
FN:67,SettingsScreen
FN:94,(anonymous_1)
FN:121,(anonymous_2)
FN:122,(anonymous_3)
FN:135,(anonymous_4)
FN:136,(anonymous_5)
FN:150,(anonymous_6)
FN:151,(anonymous_7)
FN:165,(anonymous_8)
FN:166,(anonymous_9)
FN:186,(anonymous_10)
FN:187,(anonymous_11)
FN:205,(anonymous_12)
FN:206,(anonymous_13)
FN:218,(anonymous_14)
FN:219,(anonymous_15)
FN:242,(anonymous_16)
FN:243,(anonymous_17)
FN:257,(anonymous_18)
FN:258,(anonymous_19)
FN:272,(anonymous_20)
FN:273,(anonymous_21)
FNF:22
FNH:0
FNDA:0,SettingsScreen
FNDA:0,(anonymous_1)
FNDA:0,(anonymous_2)
FNDA:0,(anonymous_3)
FNDA:0,(anonymous_4)
FNDA:0,(anonymous_5)
FNDA:0,(anonymous_6)
FNDA:0,(anonymous_7)
FNDA:0,(anonymous_8)
FNDA:0,(anonymous_9)
FNDA:0,(anonymous_10)
FNDA:0,(anonymous_11)
FNDA:0,(anonymous_12)
FNDA:0,(anonymous_13)
FNDA:0,(anonymous_14)
FNDA:0,(anonymous_15)
FNDA:0,(anonymous_16)
FNDA:0,(anonymous_17)
FNDA:0,(anonymous_18)
FNDA:0,(anonymous_19)
FNDA:0,(anonymous_20)
FNDA:0,(anonymous_21)
DA:17,0
DA:23,0
DA:27,0
DA:32,0
DA:37,0
DA:44,0
DA:50,0
DA:55,0
DA:60,0
DA:68,0
DA:69,0
DA:94,0
DA:95,0
DA:102,0
DA:104,0
DA:108,0
DA:122,0
DA:136,0
DA:151,0
DA:166,0
DA:187,0
DA:206,0
DA:219,0
DA:243,0
DA:258,0
DA:273,0
LF:26
LH:0
BRDA:71,0,0,0
BRDA:71,0,1,0
BRDA:129,1,0,0
BRDA:129,1,1,0
BRF:4
BRH:0
end_of_record
TN:
SF:src/screens/SignInScreen.tsx
FN:50,SignInScreen
FN:55,(anonymous_1)
FN:101,(anonymous_2)
FNF:3
FNH:0
FNDA:0,SignInScreen
FNDA:0,(anonymous_1)
FNDA:0,(anonymous_2)
DA:18,0
DA:24,0
DA:28,0
DA:33,0
DA:39,0
DA:44,0
DA:51,0
DA:52,0
DA:53,0
DA:55,0
DA:56,0
DA:57,0
DA:58,0
DA:61,0
DA:62,0
DA:67,0
DA:71,0
DA:101,0
LF:18
LH:0
BRDA:56,0,0,0
BRDA:56,0,1,0
BRDA:56,1,0,0
BRDA:56,1,1,0
BRDA:67,2,0,0
BRDA:67,2,1,0
BRF:6
BRH:0
end_of_record
TN:
SF:src/screens/SignUpScreen.tsx
FN:66,SignUpScreen
FN:80,(anonymous_1)
FN:100,(anonymous_2)
FN:108,(anonymous_3)
FNF:4
FNH:0
FNDA:0,SignUpScreen
FNDA:0,(anonymous_1)
FNDA:0,(anonymous_2)
FNDA:0,(anonymous_3)
DA:21,0
DA:27,0
DA:31,0
DA:36,0
DA:42,0
DA:56,0
DA:61,0
DA:67,0
DA:68,0
DA:71,0
DA:72,0
DA:73,0
DA:74,0
DA:75,0
DA:76,0
DA:77,0
DA:78,0
DA:80,0
DA:81,0
DA:82,0
DA:83,0
DA:84,0
DA:86,0
DA:87,0
DA:88,0
DA:90,0
DA:91,0
DA:92,0
DA:93,0
DA:94,0
DA:96,0
DA:100,0
DA:101,0
DA:102,0
DA:103,0
DA:104,0
DA:108,0
DA:109,0
DA:110,0
DA:111,0
DA:114,0
DA:115,0
DA:127,0
DA:131,0
LF:44
LH:0
BRDA:81,0,0,0
BRDA:81,0,1,0
BRDA:82,1,0,0
BRDA:82,1,1,0
BRDA:82,2,0,0
BRDA:82,2,1,0
BRDA:82,2,2,0
BRDA:86,3,0,0
BRDA:86,3,1,0
BRDA:91,4,0,0
BRDA:91,4,1,0
BRDA:92,5,0,0
BRDA:92,5,1,0
BRDA:92,6,0,0
BRDA:92,6,1,0
BRDA:101,7,0,0
BRDA:101,7,1,0
BRDA:103,8,0,0
BRDA:103,8,1,0
BRDA:109,9,0,0
BRDA:109,9,1,0
BRDA:109,10,0,0
BRDA:109,10,1,0
BRDA:109,10,2,0
BRDA:127,11,0,0
BRDA:127,11,1,0
BRDA:142,12,0,0
BRDA:142,12,1,0
BRDA:184,13,0,0
BRDA:184,13,1,0
BRDA:217,14,0,0
BRDA:217,14,1,0
BRF:32
BRH:0
end_of_record
TN:
SF:src/services/aspects.ts
FN:39,calculateAspectScore
FN:62,calculateAspects
FN:88,calculateAspectCompatibility
FN:115,getAspectDetails
FN:119,(anonymous_4)
FNF:5
FNH:0
FNDA:0,calculateAspectScore
FNDA:0,calculateAspects
FNDA:0,calculateAspectCompatibility
FNDA:0,getAspectDetails
FNDA:0,(anonymous_4)
DA:10,0
DA:21,0
DA:30,0
DA:41,0
DA:42,0
DA:43,0
DA:47,0
DA:48,0
DA:49,0
DA:50,0
DA:52,0
DA:53,0
DA:58,0
DA:63,0
DA:65,0
DA:66,0
DA:68,0
DA:71,0
DA:73,0
DA:74,0
DA:84,0
DA:89,0
DA:90,0
DA:91,0
DA:94,0
DA:95,0
DA:96,0
DA:97,0
DA:101,0
DA:104,0
DA:106,0
DA:116,0
DA:119,0
DA:121,0
DA:122,0
DA:123,0
DA:124,0
DA:127,0
LF:38
LH:0
BRDA:42,0,0,0
BRDA:42,0,1,0
BRDA:48,1,0,0
BRDA:48,1,1,0
BRDA:50,2,0,0
BRDA:50,2,1,0
BRDA:73,3,0,0
BRDA:73,3,1,0
BRF:8
BRH:0
end_of_record
TN:
SF:src/services/astrological.ts
FN:158,(anonymous_0)
FN:165,(anonymous_1)
FN:170,(anonymous_2)
FN:188,(anonymous_3)
FNF:4
FNH:0
FNDA:0,(anonymous_0)
FNDA:0,(anonymous_1)
FNDA:0,(anonymous_2)
FNDA:0,(anonymous_3)
DA:4,0
DA:29,0
DA:57,0
DA:158,0
DA:159,0
DA:160,0
DA:161,0
DA:165,0
DA:166,0
DA:170,0
DA:172,0
DA:175,0
DA:176,0
DA:179,0
DA:181,0
DA:188,0
DA:189,0
DA:190,0
DA:191,0
DA:193,0
DA:196,0
DA:197,0
DA:198,0
DA:199,0
DA:201,0
DA:205,0
DA:206,0
DA:208,0
DA:211,0
DA:212,0
DA:215,0
DA:216,0
DA:219,0
DA:220,0
DA:223,0
DA:224,0
DA:227,0
DA:228,0
DA:231,0
DA:232,0
DA:237,0
DA:238,0
DA:239,0
DA:240,0
DA:241,0
DA:244,0
LF:46
LH:0
BRDA:166,0,0,0
BRDA:166,0,1,0
BRDA:196,1,0,0
BRDA:196,1,1,0
BRDA:198,2,0,0
BRDA:198,2,1,0
BRDA:205,3,0,0
BRDA:205,3,1,0
BRDA:208,4,0,0
BRDA:208,4,1,0
BRDA:208,4,2,0
BRDA:208,4,3,0
BRDA:208,4,4,0
BRDA:208,4,5,0
BRDA:208,4,6,0
BRDA:208,4,7,0
BRDA:208,4,8,0
BRDA:208,4,9,0
BRDA:208,4,10,0
BRDA:208,4,11,0
BRDA:238,5,0,0
BRDA:238,5,1,0
BRDA:240,6,0,0
BRDA:240,6,1,0
BRF:24
BRH:0
end_of_record
TN:
SF:src/services/auth.ts
FN:38,signUp
FN:95,signIn
FN:143,signOut
FN:162,getAuthState
FNF:4
FNH:0
FNDA:0,signUp
FNDA:0,signIn
FNDA:0,signOut
FNDA:0,getAuthState
DA:31,0
DA:39,0
DA:40,0
DA:41,0
DA:68,0
DA:72,0
DA:88,0
DA:89,0
DA:91,0
DA:96,0
DA:97,0
DA:98,0
DA:116,0
DA:120,0
DA:136,0
DA:137,0
DA:139,0
DA:144,0
DA:145,0
DA:146,0
DA:152,0
DA:153,0
DA:155,0
DA:156,0
DA:158,0
DA:163,0
LF:26
LH:0
BRDA:88,0,0,0
BRDA:88,0,1,0
BRDA:136,1,0,0
BRDA:136,1,1,0
BRDA:155,2,0,0
BRDA:155,2,1,0
BRF:6
BRH:0
end_of_record
TN:
SF:src/services/birthData.ts
FN:4,isDateInRange
FN:33,calculateZodiacSign
FN:34,(anonymous_2)
FN:46,getDefaultPlanetPositions
FN:59,createNatalChart
FN:74,validateBirthData
FN:109,formatBirthData
FNF:7
FNH:0
FNDA:0,isDateInRange
FNDA:0,calculateZodiacSign
FNDA:0,(anonymous_2)
FNDA:0,getDefaultPlanetPositions
FNDA:0,createNatalChart
FNDA:0,validateBirthData
FNDA:0,formatBirthData
DA:11,0
DA:12,0
DA:15,0
DA:16,0
DA:25,0
DA:34,0
DA:35,0
DA:38,0
DA:39,0
DA:42,0
DA:47,0
DA:60,0
DA:66,0
DA:75,0
DA:78,0
DA:79,0
DA:83,0
DA:84,0
DA:85,0
DA:89,0
DA:90,0
DA:94,0
DA:95,0
DA:99,0
DA:100,0
DA:102,0
DA:105,0
DA:110,0
DA:111,0
DA:112,0
LF:30
LH:0
BRDA:15,0,0,0
BRDA:15,0,1,0
BRDA:17,1,0,0
BRDA:17,1,1,0
BRDA:17,1,2,0
BRDA:17,1,3,0
BRDA:17,1,4,0
BRDA:17,1,5,0
BRDA:26,2,0,0
BRDA:26,2,1,0
BRDA:26,2,2,0
BRDA:26,2,3,0
BRDA:26,2,4,0
BRDA:26,2,5,0
BRDA:38,3,0,0
BRDA:38,3,1,0
BRDA:78,4,0,0
BRDA:78,4,1,0
BRDA:78,5,0,0
BRDA:78,5,1,0
BRDA:84,6,0,0
BRDA:84,6,1,0
BRDA:89,7,0,0
BRDA:89,7,1,0
BRDA:89,8,0,0
BRDA:89,8,1,0
BRDA:94,9,0,0
BRDA:94,9,1,0
BRDA:94,10,0,0
BRDA:94,10,1,0
BRF:30
BRH:0
end_of_record
TN:
SF:src/services/compatibility.ts
FN:16,calculateAstrologicalScore
FN:55,(anonymous_1)
FNF:2
FNH:0
FNDA:0,calculateAstrologicalScore
FNDA:0,(anonymous_1)
DA:21,0
DA:22,0
DA:24,0
DA:25,0
DA:28,0
DA:31,0
DA:36,0
DA:39,0
DA:42,0
DA:47,0
DA:55,0
DA:61,0
DA:64,0
DA:65,0
DA:68,0
DA:71,0
DA:74,0
DA:75,0
DA:76,0
DA:78,0
LF:20
LH:0
BRDA:29,0,0,0
BRDA:29,0,1,0
BRDA:32,1,0,0
BRDA:32,1,1,0
BRDA:68,2,0,0
BRDA:68,2,1,0
BRF:6
BRH:0
end_of_record
TN:
SF:src/services/messages.ts
FN:4,sendMessage
FN:24,getMessages
FN:40,archiveMessage
FN:71,subscribeToMessages
FN:82,(anonymous_4)
FN:89,(anonymous_5)
FN:95,markMessagesAsRead
FN:111,getUnreadMessageCount
FNF:8
FNH:0
FNDA:0,sendMessage
FNDA:0,getMessages
FNDA:0,archiveMessage
FNDA:0,subscribeToMessages
FNDA:0,(anonymous_4)
FNDA:0,(anonymous_5)
FNDA:0,markMessagesAsRead
FNDA:0,getUnreadMessageCount
DA:5,0
DA:6,0
DA:17,0
DA:18,0
DA:20,0
DA:25,0
DA:26,0
DA:33,0
DA:34,0
DA:36,0
DA:41,0
DA:42,0
DA:48,0
DA:49,0
DA:51,0
DA:58,0
DA:60,0
DA:65,0
DA:67,0
DA:72,0
DA:83,0
DA:84,0
DA:89,0
DA:90,0
DA:96,0
DA:97,0
DA:104,0
DA:106,0
DA:112,0
DA:113,0
DA:119,0
DA:120,0
DA:122,0
LF:33
LH:0
BRDA:17,0,0,0
BRDA:17,0,1,0
BRDA:20,1,0,0
BRDA:20,1,1,0
BRDA:24,2,0,0
BRDA:24,3,0,0
BRDA:33,4,0,0
BRDA:33,4,1,0
BRDA:34,5,0,0
BRDA:34,5,1,0
BRDA:36,6,0,0
BRDA:36,6,1,0
BRDA:48,7,0,0
BRDA:48,7,1,0
BRDA:49,8,0,0
BRDA:49,8,1,0
BRDA:58,9,0,0
BRDA:58,9,1,0
BRDA:65,10,0,0
BRDA:65,10,1,0
BRDA:67,11,0,0
BRDA:67,11,1,0
BRDA:104,12,0,0
BRDA:104,12,1,0
BRDA:106,13,0,0
BRDA:106,13,1,0
BRDA:119,14,0,0
BRDA:119,14,1,0
BRDA:120,15,0,0
BRDA:120,15,1,0
BRDA:122,16,0,0
BRDA:122,16,1,0
BRF:32
BRH:0
end_of_record
TN:
SF:src/services/notifications.ts
FN:8,(anonymous_0)
FN:15,registerForPushNotifications
FN:51,savePushToken
FN:63,sendPushNotification
FN:88,getNotifications
FN:114,markNotificationAsRead
FN:126,subscribeToMatchNotifications
FN:132,subscribeToMessageNotifications
FN:138,subscribeToDateReminders
FNF:9
FNH:0
FNDA:0,(anonymous_0)
FNDA:0,registerForPushNotifications
FNDA:0,savePushToken
FNDA:0,sendPushNotification
FNDA:0,getNotifications
FNDA:0,markNotificationAsRead
FNDA:0,subscribeToMatchNotifications
FNDA:0,subscribeToMessageNotifications
FNDA:0,subscribeToDateReminders
DA:7,0
DA:8,0
DA:16,0
DA:17,0
DA:21,0
DA:22,0
DA:24,0
DA:25,0
DA:26,0
DA:29,0
DA:30,0
DA:34,0
DA:39,0
DA:40,0
DA:48,0
DA:69,0
DA:77,0
DA:99,0
DA:129,0
DA:135,0
DA:141,0
LF:21
LH:0
BRDA:16,0,0,0
BRDA:16,0,1,0
BRDA:24,1,0,0
BRDA:24,1,1,0
BRDA:29,2,0,0
BRDA:29,2,1,0
BRDA:39,3,0,0
BRDA:39,3,1,0
BRF:8
BRH:0
end_of_record
TN:
SF:src/services/testSupabase.ts
FN:3,testSupabaseConnection
FN:24,(anonymous_1)
FN:27,(anonymous_2)
FNF:3
FNH:3
FNDA:1,testSupabaseConnection
FNDA:1,(anonymous_1)
FNDA:1,(anonymous_2)
DA:4,1
DA:6,1
DA:11,1
DA:12,0
DA:13,0
DA:19,0
DA:23,1
DA:27,1
DA:28,0
DA:30,0
DA:36,0
LF:11
LH:5
BRDA:11,0,0,0
BRDA:11,0,1,1
BRDA:12,1,0,0
BRDA:12,1,1,0
BRDA:39,2,0,0
BRDA:39,2,1,0
BRF:6
BRH:1
end_of_record
TN:
SF:src/test/DependencyTest.tsx
FN:19,(anonymous_0)
FN:24,(anonymous_1)
FNF:2
FNH:0
FNDA:0,(anonymous_0)
FNDA:0,(anonymous_1)
DA:14,0
DA:19,0
DA:20,0
DA:21,0
DA:24,0
DA:25,0
DA:26,0
DA:31,0
DA:32,0
DA:33,0
DA:35,0
DA:39,0
LF:12
LH:0
BRDA:15,0,0,0
BRDA:15,0,1,0
BRDA:16,1,0,0
BRDA:16,1,1,0
BRDA:31,2,0,0
BRDA:31,2,1,0
BRDA:35,3,0,0
BRDA:35,3,1,0
BRDA:61,4,0,0
BRDA:61,4,1,0
BRDA:68,5,0,0
BRDA:68,5,1,0
BRF:12
BRH:0
end_of_record
TN:
SF:src/test/compatibility.test.ts
FN:5,createTestBirthData
FN:31,(anonymous_1)
FN:32,(anonymous_2)
FN:33,(anonymous_3)
FN:40,(anonymous_4)
FN:45,(anonymous_5)
FN:51,(anonymous_6)
FN:57,(anonymous_7)
FN:65,(anonymous_8)
FN:68,(anonymous_9)
FN:76,(anonymous_10)
FN:85,(anonymous_11)
FN:86,(anonymous_12)
FN:101,(anonymous_13)
FN:116,(anonymous_14)
FN:117,(anonymous_15)
FN:125,(anonymous_16)
FNF:17
FNH:0
FNDA:0,createTestBirthData
FNDA:0,(anonymous_1)
FNDA:0,(anonymous_2)
FNDA:0,(anonymous_3)
FNDA:0,(anonymous_4)
FNDA:0,(anonymous_5)
FNDA:0,(anonymous_6)
FNDA:0,(anonymous_7)
FNDA:0,(anonymous_8)
FNDA:0,(anonymous_9)
FNDA:0,(anonymous_10)
FNDA:0,(anonymous_11)
FNDA:0,(anonymous_12)
FNDA:0,(anonymous_13)
FNDA:0,(anonymous_14)
FNDA:0,(anonymous_15)
FNDA:0,(anonymous_16)
DA:6,0
DA:16,0
DA:31,0
DA:32,0
DA:33,0
DA:34,0
DA:35,0
DA:36,0
DA:37,0
DA:40,0
DA:41,0
DA:42,0
DA:45,0
DA:46,0
DA:47,0
DA:48,0
DA:51,0
DA:52,0
DA:53,0
DA:54,0
DA:57,0
DA:58,0
DA:59,0
DA:60,0
DA:61,0
DA:62,0
DA:65,0
DA:66,0
DA:68,0
DA:69,0
DA:70,0
DA:71,0
DA:72,0
DA:76,0
DA:77,0
DA:78,0
DA:79,0
DA:80,0
DA:81,0
DA:82,0
DA:85,0
DA:86,0
DA:87,0
DA:91,0
DA:96,0
DA:97,0
DA:98,0
DA:101,0
DA:102,0
DA:103,0
DA:110,0
DA:111,0
DA:112,0
DA:116,0
DA:117,0
DA:118,0
DA:119,0
DA:120,0
DA:121,0
DA:122,0
DA:125,0
DA:126,0
DA:127,0
DA:128,0
LF:64
LH:0
BRF:0
BRH:0
end_of_record
TN:
SF:src/test/setup-matchers.js
FNF:0
FNH:0
DA:1,0
DA:2,0
DA:3,0
DA:5,0
DA:6,0
DA:7,0
LF:6
LH:0
BRF:0
BRH:0
end_of_record
TN:
SF:src/test/testSupabase.test.ts
FN:3,(anonymous_0)
FN:4,(anonymous_1)
FNF:2
FNH:0
FNDA:0,(anonymous_0)
FNDA:0,(anonymous_1)
DA:3,0
DA:4,0
DA:5,0
DA:6,0
DA:9,0
DA:11,0
DA:12,0
LF:7
LH:0
BRDA:11,0,0,0
BRDA:11,0,1,0
BRF:2
BRH:0
end_of_record
TN:
SF:src/theme/ThemeProvider.tsx
FN:14,(anonymous_0)
FN:17,(anonymous_1)
FN:26,ThemeProvider
FN:33,(anonymous_3)
FNF:4
FNH:0
FNDA:0,(anonymous_0)
FNDA:0,(anonymous_1)
FNDA:0,ThemeProvider
FNDA:0,(anonymous_3)
DA:12,0
DA:17,0
DA:18,0
DA:19,0
DA:20,0
DA:27,0
DA:28,0
DA:30,0
DA:33,0
DA:34,0
DA:37,0
DA:43,0
DA:48,0
LF:13
LH:0
BRDA:30,0,0,0
BRDA:30,0,1,0
BRDA:30,0,2,0
BRDA:43,1,0,0
BRDA:43,1,1,0
BRDA:43,2,0,0
BRDA:43,2,1,0
BRDA:43,2,2,0
BRF:8
BRH:0
end_of_record
TN:
SF:src/types/compatibility.ts
FNF:0
FNH:0
DA:32,0
LF:1
LH:0
BRF:0
BRH:0
end_of_record
TN:
SF:src/types/database.ts
FNF:0
FNH:0
LF:0
LH:0
BRF:0
BRH:0
end_of_record
TN:
SF:src/types/navigation.ts
FNF:0
FNH:0
LF:0
LH:0
BRF:0
BRH:0
end_of_record
TN:
SF:src/utils/deviceId.ts
FN:6,getDeviceId
FNF:1
FNH:0
FNDA:0,getDeviceId
DA:4,0
DA:7,0
DA:9,0
DA:11,0
DA:12,0
DA:15,0
LF:6
LH:0
BRDA:9,0,0,0
BRDA:9,0,1,0
BRF:2
BRH:0
end_of_record
TN:
SF:src/utils/errorHandling.ts
FN:5,(anonymous_0)
FN:30,(anonymous_1)
FN:34,(anonymous_2)
FN:38,(anonymous_3)
FN:65,(anonymous_4)
FN:75,(anonymous_5)
FN:79,(anonymous_6)
FN:88,(anonymous_7)
FN:97,(anonymous_8)
FN:110,(anonymous_9)
FNF:10
FNH:0
FNDA:0,(anonymous_0)
FNDA:0,(anonymous_1)
FNDA:0,(anonymous_2)
FNDA:0,(anonymous_3)
FNDA:0,(anonymous_4)
FNDA:0,(anonymous_5)
FNDA:0,(anonymous_6)
FNDA:0,(anonymous_7)
FNDA:0,(anonymous_8)
FNDA:0,(anonymous_9)
DA:6,0
DA:7,0
DA:8,0
DA:9,0
DA:13,0
DA:26,0
DA:27,0
DA:28,0
DA:31,0
DA:35,0
DA:40,0
DA:41,0
DA:45,0
DA:47,0
DA:55,0
DA:56,0
DA:57,0
DA:58,0
DA:59,0
DA:64,0
DA:65,0
DA:68,0
DA:79,0
DA:80,0
DA:81,0
DA:83,0
DA:89,0
DA:98,0
DA:107,0
DA:110,0
DA:114,0
LF:31
LH:0
BRDA:40,0,0,0
BRDA:40,0,1,0
BRDA:41,1,0,0
BRDA:41,1,1,0
BRDA:45,2,0,0
BRDA:45,2,1,0
BRDA:47,3,0,0
BRDA:47,3,1,0
BRDA:49,4,0,0
BRDA:49,4,1,0
BRDA:50,5,0,0
BRDA:50,5,1,0
BRDA:57,6,0,0
BRDA:57,6,1,0
BRDA:64,7,0,0
BRDA:64,7,1,0
BRDA:68,8,0,0
BRDA:68,8,1,0
BRDA:83,9,0,0
BRDA:83,9,1,0
BRDA:90,10,0,0
BRDA:90,10,1,0
BRDA:90,10,2,0
BRDA:90,10,3,0
BRDA:99,11,0,0
BRDA:99,11,1,0
BRDA:99,11,2,0
BRDA:99,11,3,0
BRDA:99,11,4,0
BRF:29
BRH:0
end_of_record
